2026-01-02 00:08:37 INFO  com.hospital.service.PatientService - Fetching patient with id 1
2026-01-02 00:08:38 ERROR com.hospital.dao.PatientDao - Error while updating patient
2026-01-02 00:08:39 INFO  com.hospital.service.PatientService - Adding patient
2026-01-02 00:08:39 ERROR com.hospital.dao.PatientDao - Error while adding patient
java.sql.SQLException: Access denied for user 'root'@'localhost' (using password: YES)
	at com.mysql.cj.jdbc.exceptions.SQLError.createSQLException(SQLError.java:121)
	at com.mysql.cj.jdbc.exceptions.SQLExceptionsMapping.translateException(SQLExceptionsMapping.java:113)
	at com.mysql.cj.jdbc.ConnectionImpl.createNewIO(ConnectionImpl.java:861)
	at com.mysql.cj.jdbc.ConnectionImpl.<init>(ConnectionImpl.java:449)
	at com.mysql.cj.jdbc.ConnectionImpl.getInstance(ConnectionImpl.java:234)
	at com.mysql.cj.jdbc.NonRegisteringDriver.connect(NonRegisteringDriver.java:180)
	at java.sql/java.sql.DriverManager.getConnection(DriverManager.java:683)
	at java.sql/java.sql.DriverManager.getConnection(DriverManager.java:230)
	at com.hospital.util.DBUtil.getConnection(DBUtil.java:14)
	at com.hospital.dao.PatientDao.addPatient(PatientDao.java:26)
	at com.hospital.service.PatientService.addPatient(PatientService.java:22)
	at com.hospital.PatientServiceTest.addPatient_shouldCallDao_whenValidPatient(PatientServiceTest.java:52)
	at java.base/jdk.internal.reflect.DirectMethodHandleAccessor.invoke(DirectMethodHandleAccessor.java:103)
	at java.base/java.lang.reflect.Method.invoke(Method.java:580)
	at org.junit.platform.commons.util.ReflectionUtils.invokeMethod(ReflectionUtils.java:728)
	at org.junit.jupiter.engine.execution.MethodInvocation.proceed(MethodInvocation.java:60)
	at org.junit.jupiter.engine.execution.InvocationInterceptorChain$ValidatingInvocation.proceed(InvocationInterceptorChain.java:131)
	at org.junit.jupiter.engine.extension.TimeoutExtension.intercept(TimeoutExtension.java:156)
	at org.junit.jupiter.engine.extension.TimeoutExtension.interceptTestableMethod(TimeoutExtension.java:147)
	at org.junit.jupiter.engine.extension.TimeoutExtension.interceptTestMethod(TimeoutExtension.java:86)
	at org.junit.jupiter.engine.execution.InterceptingExecutableInvoker$ReflectiveInterceptorCall.lambda$ofVoidMethod$0(InterceptingExecutableInvoker.java:103)
	at org.junit.jupiter.engine.execution.InterceptingExecutableInvoker.lambda$invoke$0(InterceptingExecutableInvoker.java:93)
	at org.junit.jupiter.engine.execution.InvocationInterceptorChain$InterceptedInvocation.proceed(InvocationInterceptorChain.java:106)
	at org.junit.jupiter.engine.execution.InvocationInterceptorChain.proceed(InvocationInterceptorChain.java:64)
	at org.junit.jupiter.engine.execution.InvocationInterceptorChain.chainAndInvoke(InvocationInterceptorChain.java:45)
	at org.junit.jupiter.engine.execution.InvocationInterceptorChain.invoke(InvocationInterceptorChain.java:37)
	at org.junit.jupiter.engine.execution.InterceptingExecutableInvoker.invoke(InterceptingExecutableInvoker.java:92)
	at org.junit.jupiter.engine.execution.InterceptingExecutableInvoker.invoke(InterceptingExecutableInvoker.java:86)
	at org.junit.jupiter.engine.descriptor.TestMethodTestDescriptor.lambda$invokeTestMethod$7(TestMethodTestDescriptor.java:218)
	at org.junit.platform.engine.support.hierarchical.ThrowableCollector.execute(ThrowableCollector.java:73)
	at org.junit.jupiter.engine.descriptor.TestMethodTestDescriptor.invokeTestMethod(TestMethodTestDescriptor.java:214)
	at org.junit.jupiter.engine.descriptor.TestMethodTestDescriptor.execute(TestMethodTestDescriptor.java:139)
	at org.junit.jupiter.engine.descriptor.TestMethodTestDescriptor.execute(TestMethodTestDescriptor.java:69)
	at org.junit.platform.engine.support.hierarchical.NodeTestTask.lambda$executeRecursively$6(NodeTestTask.java:151)
	at org.junit.platform.engine.support.hierarchical.ThrowableCollector.execute(ThrowableCollector.java:73)
	at org.junit.platform.engine.support.hierarchical.NodeTestTask.lambda$executeRecursively$8(NodeTestTask.java:141)
	at org.junit.platform.engine.support.hierarchical.Node.around(Node.java:137)
	at org.junit.platform.engine.support.hierarchical.NodeTestTask.lambda$executeRecursively$9(NodeTestTask.java:139)
	at org.junit.platform.engine.support.hierarchical.ThrowableCollector.execute(ThrowableCollector.java:73)
	at org.junit.platform.engine.support.hierarchical.NodeTestTask.executeRecursively(NodeTestTask.java:138)
	at org.junit.platform.engine.support.hierarchical.NodeTestTask.execute(NodeTestTask.java:95)
	at java.base/java.util.ArrayList.forEach(ArrayList.java:1596)
	at org.junit.platform.engine.support.hierarchical.SameThreadHierarchicalTestExecutorService.invokeAll(SameThreadHierarchicalTestExecutorService.java:41)
	at org.junit.platform.engine.support.hierarchical.NodeTestTask.lambda$executeRecursively$6(NodeTestTask.java:155)
	at org.junit.platform.engine.support.hierarchical.ThrowableCollector.execute(ThrowableCollector.java:73)
	at org.junit.platform.engine.support.hierarchical.NodeTestTask.lambda$executeRecursively$8(NodeTestTask.java:141)
	at org.junit.platform.engine.support.hierarchical.Node.around(Node.java:137)
	at org.junit.platform.engine.support.hierarchical.NodeTestTask.lambda$executeRecursively$9(NodeTestTask.java:139)
	at org.junit.platform.engine.support.hierarchical.ThrowableCollector.execute(ThrowableCollector.java:73)
	at org.junit.platform.engine.support.hierarchical.NodeTestTask.executeRecursively(NodeTestTask.java:138)
	at org.junit.platform.engine.support.hierarchical.NodeTestTask.execute(NodeTestTask.java:95)
	at java.base/java.util.ArrayList.forEach(ArrayList.java:1596)
	at org.junit.platform.engine.support.hierarchical.SameThreadHierarchicalTestExecutorService.invokeAll(SameThreadHierarchicalTestExecutorService.java:41)
	at org.junit.platform.engine.support.hierarchical.NodeTestTask.lambda$executeRecursively$6(NodeTestTask.java:155)
	at org.junit.platform.engine.support.hierarchical.ThrowableCollector.execute(ThrowableCollector.java:73)
	at org.junit.platform.engine.support.hierarchical.NodeTestTask.lambda$executeRecursively$8(NodeTestTask.java:141)
	at org.junit.platform.engine.support.hierarchical.Node.around(Node.java:137)
	at org.junit.platform.engine.support.hierarchical.NodeTestTask.lambda$executeRecursively$9(NodeTestTask.java:139)
	at org.junit.platform.engine.support.hierarchical.ThrowableCollector.execute(ThrowableCollector.java:73)
	at org.junit.platform.engine.support.hierarchical.NodeTestTask.executeRecursively(NodeTestTask.java:138)
	at org.junit.platform.engine.support.hierarchical.NodeTestTask.execute(NodeTestTask.java:95)
	at org.junit.platform.engine.support.hierarchical.SameThreadHierarchicalTestExecutorService.submit(SameThreadHierarchicalTestExecutorService.java:35)
	at org.junit.platform.engine.support.hierarchical.HierarchicalTestExecutor.execute(HierarchicalTestExecutor.java:57)
	at org.junit.platform.engine.support.hierarchical.HierarchicalTestEngine.execute(HierarchicalTestEngine.java:54)
	at org.junit.platform.launcher.core.EngineExecutionOrchestrator.execute(EngineExecutionOrchestrator.java:198)
	at org.junit.platform.launcher.core.EngineExecutionOrchestrator.execute(EngineExecutionOrchestrator.java:169)
	at org.junit.platform.launcher.core.EngineExecutionOrchestrator.execute(EngineExecutionOrchestrator.java:93)
	at org.junit.platform.launcher.core.EngineExecutionOrchestrator.lambda$execute$0(EngineExecutionOrchestrator.java:58)
	at org.junit.platform.launcher.core.EngineExecutionOrchestrator.withInterceptedStreams(EngineExecutionOrchestrator.java:141)
	at org.junit.platform.launcher.core.EngineExecutionOrchestrator.execute(EngineExecutionOrchestrator.java:57)
	at org.junit.platform.launcher.core.DefaultLauncher.execute(DefaultLauncher.java:103)
	at org.junit.platform.launcher.core.DefaultLauncher.execute(DefaultLauncher.java:85)
	at org.junit.platform.launcher.core.DelegatingLauncher.execute(DelegatingLauncher.java:47)
	at org.junit.platform.launcher.core.SessionPerRequestLauncher.execute(SessionPerRequestLauncher.java:63)
	at com.intellij.junit5.JUnit5IdeaTestRunner.startRunnerWithArgs(JUnit5IdeaTestRunner.java:66)
	at com.intellij.rt.junit.IdeaTestRunner$Repeater$1.execute(IdeaTestRunner.java:38)
	at com.intellij.rt.execution.junit.TestsRepeater.repeat(TestsRepeater.java:11)
	at com.intellij.rt.junit.IdeaTestRunner$Repeater.startRunnerWithArgs(IdeaTestRunner.java:35)
	at com.intellij.rt.junit.JUnitStarter.prepareStreamsAndStart(JUnitStarter.java:237)
	at com.intellij.rt.junit.JUnitStarter.main(JUnitStarter.java:58)
2026-01-02 00:08:39 INFO  com.hospital.service.PatientService - Fetching all patients
2026-01-02 00:08:39 ERROR com.hospital.dao.PatientDao - Error while updating patient
java.sql.SQLException: Access denied for user 'root'@'localhost' (using password: YES)
	at com.mysql.cj.jdbc.exceptions.SQLError.createSQLException(SQLError.java:121)
	at com.mysql.cj.jdbc.exceptions.SQLExceptionsMapping.translateException(SQLExceptionsMapping.java:113)
	at com.mysql.cj.jdbc.ConnectionImpl.createNewIO(ConnectionImpl.java:861)
	at com.mysql.cj.jdbc.ConnectionImpl.<init>(ConnectionImpl.java:449)
	at com.mysql.cj.jdbc.ConnectionImpl.getInstance(ConnectionImpl.java:234)
	at com.mysql.cj.jdbc.NonRegisteringDriver.connect(NonRegisteringDriver.java:180)
	at java.sql/java.sql.DriverManager.getConnection(DriverManager.java:683)
	at java.sql/java.sql.DriverManager.getConnection(DriverManager.java:230)
	at com.hospital.util.DBUtil.getConnection(DBUtil.java:14)
	at com.hospital.dao.PatientDao.getAllPatients(PatientDao.java:52)
	at com.hospital.service.PatientService.getAllPatients(PatientService.java:27)
	at com.hospital.PatientServiceTest.getAllPatients_shouldReturnListFromDao(PatientServiceTest.java:64)
	at java.base/jdk.internal.reflect.DirectMethodHandleAccessor.invoke(DirectMethodHandleAccessor.java:103)
	at java.base/java.lang.reflect.Method.invoke(Method.java:580)
	at org.junit.platform.commons.util.ReflectionUtils.invokeMethod(ReflectionUtils.java:728)
	at org.junit.jupiter.engine.execution.MethodInvocation.proceed(MethodInvocation.java:60)
	at org.junit.jupiter.engine.execution.InvocationInterceptorChain$ValidatingInvocation.proceed(InvocationInterceptorChain.java:131)
	at org.junit.jupiter.engine.extension.TimeoutExtension.intercept(TimeoutExtension.java:156)
	at org.junit.jupiter.engine.extension.TimeoutExtension.interceptTestableMethod(TimeoutExtension.java:147)
	at org.junit.jupiter.engine.extension.TimeoutExtension.interceptTestMethod(TimeoutExtension.java:86)
	at org.junit.jupiter.engine.execution.InterceptingExecutableInvoker$ReflectiveInterceptorCall.lambda$ofVoidMethod$0(InterceptingExecutableInvoker.java:103)
	at org.junit.jupiter.engine.execution.InterceptingExecutableInvoker.lambda$invoke$0(InterceptingExecutableInvoker.java:93)
	at org.junit.jupiter.engine.execution.InvocationInterceptorChain$InterceptedInvocation.proceed(InvocationInterceptorChain.java:106)
	at org.junit.jupiter.engine.execution.InvocationInterceptorChain.proceed(InvocationInterceptorChain.java:64)
	at org.junit.jupiter.engine.execution.InvocationInterceptorChain.chainAndInvoke(InvocationInterceptorChain.java:45)
	at org.junit.jupiter.engine.execution.InvocationInterceptorChain.invoke(InvocationInterceptorChain.java:37)
	at org.junit.jupiter.engine.execution.InterceptingExecutableInvoker.invoke(InterceptingExecutableInvoker.java:92)
	at org.junit.jupiter.engine.execution.InterceptingExecutableInvoker.invoke(InterceptingExecutableInvoker.java:86)
	at org.junit.jupiter.engine.descriptor.TestMethodTestDescriptor.lambda$invokeTestMethod$7(TestMethodTestDescriptor.java:218)
	at org.junit.platform.engine.support.hierarchical.ThrowableCollector.execute(ThrowableCollector.java:73)
	at org.junit.jupiter.engine.descriptor.TestMethodTestDescriptor.invokeTestMethod(TestMethodTestDescriptor.java:214)
	at org.junit.jupiter.engine.descriptor.TestMethodTestDescriptor.execute(TestMethodTestDescriptor.java:139)
	at org.junit.jupiter.engine.descriptor.TestMethodTestDescriptor.execute(TestMethodTestDescriptor.java:69)
	at org.junit.platform.engine.support.hierarchical.NodeTestTask.lambda$executeRecursively$6(NodeTestTask.java:151)
	at org.junit.platform.engine.support.hierarchical.ThrowableCollector.execute(ThrowableCollector.java:73)
	at org.junit.platform.engine.support.hierarchical.NodeTestTask.lambda$executeRecursively$8(NodeTestTask.java:141)
	at org.junit.platform.engine.support.hierarchical.Node.around(Node.java:137)
	at org.junit.platform.engine.support.hierarchical.NodeTestTask.lambda$executeRecursively$9(NodeTestTask.java:139)
	at org.junit.platform.engine.support.hierarchical.ThrowableCollector.execute(ThrowableCollector.java:73)
	at org.junit.platform.engine.support.hierarchical.NodeTestTask.executeRecursively(NodeTestTask.java:138)
	at org.junit.platform.engine.support.hierarchical.NodeTestTask.execute(NodeTestTask.java:95)
	at java.base/java.util.ArrayList.forEach(ArrayList.java:1596)
	at org.junit.platform.engine.support.hierarchical.SameThreadHierarchicalTestExecutorService.invokeAll(SameThreadHierarchicalTestExecutorService.java:41)
	at org.junit.platform.engine.support.hierarchical.NodeTestTask.lambda$executeRecursively$6(NodeTestTask.java:155)
	at org.junit.platform.engine.support.hierarchical.ThrowableCollector.execute(ThrowableCollector.java:73)
	at org.junit.platform.engine.support.hierarchical.NodeTestTask.lambda$executeRecursively$8(NodeTestTask.java:141)
	at org.junit.platform.engine.support.hierarchical.Node.around(Node.java:137)
	at org.junit.platform.engine.support.hierarchical.NodeTestTask.lambda$executeRecursively$9(NodeTestTask.java:139)
	at org.junit.platform.engine.support.hierarchical.ThrowableCollector.execute(ThrowableCollector.java:73)
	at org.junit.platform.engine.support.hierarchical.NodeTestTask.executeRecursively(NodeTestTask.java:138)
	at org.junit.platform.engine.support.hierarchical.NodeTestTask.execute(NodeTestTask.java:95)
	at java.base/java.util.ArrayList.forEach(ArrayList.java:1596)
	at org.junit.platform.engine.support.hierarchical.SameThreadHierarchicalTestExecutorService.invokeAll(SameThreadHierarchicalTestExecutorService.java:41)
	at org.junit.platform.engine.support.hierarchical.NodeTestTask.lambda$executeRecursively$6(NodeTestTask.java:155)
	at org.junit.platform.engine.support.hierarchical.ThrowableCollector.execute(ThrowableCollector.java:73)
	at org.junit.platform.engine.support.hierarchical.NodeTestTask.lambda$executeRecursively$8(NodeTestTask.java:141)
	at org.junit.platform.engine.support.hierarchical.Node.around(Node.java:137)
	at org.junit.platform.engine.support.hierarchical.NodeTestTask.lambda$executeRecursively$9(NodeTestTask.java:139)
	at org.junit.platform.engine.support.hierarchical.ThrowableCollector.execute(ThrowableCollector.java:73)
	at org.junit.platform.engine.support.hierarchical.NodeTestTask.executeRecursively(NodeTestTask.java:138)
	at org.junit.platform.engine.support.hierarchical.NodeTestTask.execute(NodeTestTask.java:95)
	at org.junit.platform.engine.support.hierarchical.SameThreadHierarchicalTestExecutorService.submit(SameThreadHierarchicalTestExecutorService.java:35)
	at org.junit.platform.engine.support.hierarchical.HierarchicalTestExecutor.execute(HierarchicalTestExecutor.java:57)
	at org.junit.platform.engine.support.hierarchical.HierarchicalTestEngine.execute(HierarchicalTestEngine.java:54)
	at org.junit.platform.launcher.core.EngineExecutionOrchestrator.execute(EngineExecutionOrchestrator.java:198)
	at org.junit.platform.launcher.core.EngineExecutionOrchestrator.execute(EngineExecutionOrchestrator.java:169)
	at org.junit.platform.launcher.core.EngineExecutionOrchestrator.execute(EngineExecutionOrchestrator.java:93)
	at org.junit.platform.launcher.core.EngineExecutionOrchestrator.lambda$execute$0(EngineExecutionOrchestrator.java:58)
	at org.junit.platform.launcher.core.EngineExecutionOrchestrator.withInterceptedStreams(EngineExecutionOrchestrator.java:141)
	at org.junit.platform.launcher.core.EngineExecutionOrchestrator.execute(EngineExecutionOrchestrator.java:57)
	at org.junit.platform.launcher.core.DefaultLauncher.execute(DefaultLauncher.java:103)
	at org.junit.platform.launcher.core.DefaultLauncher.execute(DefaultLauncher.java:85)
	at org.junit.platform.launcher.core.DelegatingLauncher.execute(DelegatingLauncher.java:47)
	at org.junit.platform.launcher.core.SessionPerRequestLauncher.execute(SessionPerRequestLauncher.java:63)
	at com.intellij.junit5.JUnit5IdeaTestRunner.startRunnerWithArgs(JUnit5IdeaTestRunner.java:66)
	at com.intellij.rt.junit.IdeaTestRunner$Repeater$1.execute(IdeaTestRunner.java:38)
	at com.intellij.rt.execution.junit.TestsRepeater.repeat(TestsRepeater.java:11)
	at com.intellij.rt.junit.IdeaTestRunner$Repeater.startRunnerWithArgs(IdeaTestRunner.java:35)
	at com.intellij.rt.junit.JUnitStarter.prepareStreamsAndStart(JUnitStarter.java:237)
	at com.intellij.rt.junit.JUnitStarter.main(JUnitStarter.java:58)
2026-01-02 05:12:56 INFO  com.hospital.service.PatientService - Adding patient
2026-01-02 05:12:57 ERROR com.hospital.dao.PatientDao - Error while adding patient
java.sql.SQLException: Access denied for user 'root'@'localhost' (using password: YES)
	at com.mysql.cj.jdbc.exceptions.SQLError.createSQLException(SQLError.java:121)
	at com.mysql.cj.jdbc.exceptions.SQLExceptionsMapping.translateException(SQLExceptionsMapping.java:113)
	at com.mysql.cj.jdbc.ConnectionImpl.createNewIO(ConnectionImpl.java:861)
	at com.mysql.cj.jdbc.ConnectionImpl.<init>(ConnectionImpl.java:449)
	at com.mysql.cj.jdbc.ConnectionImpl.getInstance(ConnectionImpl.java:234)
	at com.mysql.cj.jdbc.NonRegisteringDriver.connect(NonRegisteringDriver.java:180)
	at java.sql/java.sql.DriverManager.getConnection(DriverManager.java:683)
	at java.sql/java.sql.DriverManager.getConnection(DriverManager.java:230)
	at com.hospital.util.DBUtil.getConnection(DBUtil.java:14)
	at com.hospital.dao.PatientDao.addPatient(PatientDao.java:26)
	at com.hospital.service.PatientService.addPatient(PatientService.java:22)
	at com.hospital.servlet.PatientServlet.doPost(PatientServlet.java:44)
	at com.hospital.PatientServletTest.doPost_shouldReturnCreatedStatus(PatientServletTest.java:50)
	at java.base/jdk.internal.reflect.DirectMethodHandleAccessor.invoke(DirectMethodHandleAccessor.java:103)
	at java.base/java.lang.reflect.Method.invoke(Method.java:580)
	at org.junit.platform.commons.util.ReflectionUtils.invokeMethod(ReflectionUtils.java:728)
	at org.junit.jupiter.engine.execution.MethodInvocation.proceed(MethodInvocation.java:60)
	at org.junit.jupiter.engine.execution.InvocationInterceptorChain$ValidatingInvocation.proceed(InvocationInterceptorChain.java:131)
	at org.junit.jupiter.engine.extension.TimeoutExtension.intercept(TimeoutExtension.java:156)
	at org.junit.jupiter.engine.extension.TimeoutExtension.interceptTestableMethod(TimeoutExtension.java:147)
	at org.junit.jupiter.engine.extension.TimeoutExtension.interceptTestMethod(TimeoutExtension.java:86)
	at org.junit.jupiter.engine.execution.InterceptingExecutableInvoker$ReflectiveInterceptorCall.lambda$ofVoidMethod$0(InterceptingExecutableInvoker.java:103)
	at org.junit.jupiter.engine.execution.InterceptingExecutableInvoker.lambda$invoke$0(InterceptingExecutableInvoker.java:93)
	at org.junit.jupiter.engine.execution.InvocationInterceptorChain$InterceptedInvocation.proceed(InvocationInterceptorChain.java:106)
	at org.junit.jupiter.engine.execution.InvocationInterceptorChain.proceed(InvocationInterceptorChain.java:64)
	at org.junit.jupiter.engine.execution.InvocationInterceptorChain.chainAndInvoke(InvocationInterceptorChain.java:45)
	at org.junit.jupiter.engine.execution.InvocationInterceptorChain.invoke(InvocationInterceptorChain.java:37)
	at org.junit.jupiter.engine.execution.InterceptingExecutableInvoker.invoke(InterceptingExecutableInvoker.java:92)
	at org.junit.jupiter.engine.execution.InterceptingExecutableInvoker.invoke(InterceptingExecutableInvoker.java:86)
	at org.junit.jupiter.engine.descriptor.TestMethodTestDescriptor.lambda$invokeTestMethod$7(TestMethodTestDescriptor.java:218)
	at org.junit.platform.engine.support.hierarchical.ThrowableCollector.execute(ThrowableCollector.java:73)
	at org.junit.jupiter.engine.descriptor.TestMethodTestDescriptor.invokeTestMethod(TestMethodTestDescriptor.java:214)
	at org.junit.jupiter.engine.descriptor.TestMethodTestDescriptor.execute(TestMethodTestDescriptor.java:139)
	at org.junit.jupiter.engine.descriptor.TestMethodTestDescriptor.execute(TestMethodTestDescriptor.java:69)
	at org.junit.platform.engine.support.hierarchical.NodeTestTask.lambda$executeRecursively$6(NodeTestTask.java:151)
	at org.junit.platform.engine.support.hierarchical.ThrowableCollector.execute(ThrowableCollector.java:73)
	at org.junit.platform.engine.support.hierarchical.NodeTestTask.lambda$executeRecursively$8(NodeTestTask.java:141)
	at org.junit.platform.engine.support.hierarchical.Node.around(Node.java:137)
	at org.junit.platform.engine.support.hierarchical.NodeTestTask.lambda$executeRecursively$9(NodeTestTask.java:139)
	at org.junit.platform.engine.support.hierarchical.ThrowableCollector.execute(ThrowableCollector.java:73)
	at org.junit.platform.engine.support.hierarchical.NodeTestTask.executeRecursively(NodeTestTask.java:138)
	at org.junit.platform.engine.support.hierarchical.NodeTestTask.execute(NodeTestTask.java:95)
	at java.base/java.util.ArrayList.forEach(ArrayList.java:1596)
	at org.junit.platform.engine.support.hierarchical.SameThreadHierarchicalTestExecutorService.invokeAll(SameThreadHierarchicalTestExecutorService.java:41)
	at org.junit.platform.engine.support.hierarchical.NodeTestTask.lambda$executeRecursively$6(NodeTestTask.java:155)
	at org.junit.platform.engine.support.hierarchical.ThrowableCollector.execute(ThrowableCollector.java:73)
	at org.junit.platform.engine.support.hierarchical.NodeTestTask.lambda$executeRecursively$8(NodeTestTask.java:141)
	at org.junit.platform.engine.support.hierarchical.Node.around(Node.java:137)
	at org.junit.platform.engine.support.hierarchical.NodeTestTask.lambda$executeRecursively$9(NodeTestTask.java:139)
	at org.junit.platform.engine.support.hierarchical.ThrowableCollector.execute(ThrowableCollector.java:73)
	at org.junit.platform.engine.support.hierarchical.NodeTestTask.executeRecursively(NodeTestTask.java:138)
	at org.junit.platform.engine.support.hierarchical.NodeTestTask.execute(NodeTestTask.java:95)
	at java.base/java.util.ArrayList.forEach(ArrayList.java:1596)
	at org.junit.platform.engine.support.hierarchical.SameThreadHierarchicalTestExecutorService.invokeAll(SameThreadHierarchicalTestExecutorService.java:41)
	at org.junit.platform.engine.support.hierarchical.NodeTestTask.lambda$executeRecursively$6(NodeTestTask.java:155)
	at org.junit.platform.engine.support.hierarchical.ThrowableCollector.execute(ThrowableCollector.java:73)
	at org.junit.platform.engine.support.hierarchical.NodeTestTask.lambda$executeRecursively$8(NodeTestTask.java:141)
	at org.junit.platform.engine.support.hierarchical.Node.around(Node.java:137)
	at org.junit.platform.engine.support.hierarchical.NodeTestTask.lambda$executeRecursively$9(NodeTestTask.java:139)
	at org.junit.platform.engine.support.hierarchical.ThrowableCollector.execute(ThrowableCollector.java:73)
	at org.junit.platform.engine.support.hierarchical.NodeTestTask.executeRecursively(NodeTestTask.java:138)
	at org.junit.platform.engine.support.hierarchical.NodeTestTask.execute(NodeTestTask.java:95)
	at org.junit.platform.engine.support.hierarchical.SameThreadHierarchicalTestExecutorService.submit(SameThreadHierarchicalTestExecutorService.java:35)
	at org.junit.platform.engine.support.hierarchical.HierarchicalTestExecutor.execute(HierarchicalTestExecutor.java:57)
	at org.junit.platform.engine.support.hierarchical.HierarchicalTestEngine.execute(HierarchicalTestEngine.java:54)
	at org.junit.platform.launcher.core.EngineExecutionOrchestrator.execute(EngineExecutionOrchestrator.java:198)
	at org.junit.platform.launcher.core.EngineExecutionOrchestrator.execute(EngineExecutionOrchestrator.java:169)
	at org.junit.platform.launcher.core.EngineExecutionOrchestrator.execute(EngineExecutionOrchestrator.java:93)
	at org.junit.platform.launcher.core.EngineExecutionOrchestrator.lambda$execute$0(EngineExecutionOrchestrator.java:58)
	at org.junit.platform.launcher.core.EngineExecutionOrchestrator.withInterceptedStreams(EngineExecutionOrchestrator.java:141)
	at org.junit.platform.launcher.core.EngineExecutionOrchestrator.execute(EngineExecutionOrchestrator.java:57)
	at org.junit.platform.launcher.core.DefaultLauncher.execute(DefaultLauncher.java:103)
	at org.junit.platform.launcher.core.DefaultLauncher.execute(DefaultLauncher.java:85)
	at org.junit.platform.launcher.core.DelegatingLauncher.execute(DelegatingLauncher.java:47)
	at org.junit.platform.launcher.core.SessionPerRequestLauncher.execute(SessionPerRequestLauncher.java:63)
	at com.intellij.junit5.JUnit5IdeaTestRunner.startRunnerWithArgs(JUnit5IdeaTestRunner.java:66)
	at com.intellij.rt.junit.IdeaTestRunner$Repeater$1.execute(IdeaTestRunner.java:38)
	at com.intellij.rt.execution.junit.TestsRepeater.repeat(TestsRepeater.java:11)
	at com.intellij.rt.junit.IdeaTestRunner$Repeater.startRunnerWithArgs(IdeaTestRunner.java:35)
	at com.intellij.rt.junit.JUnitStarter.prepareStreamsAndStart(JUnitStarter.java:237)
	at com.intellij.rt.junit.JUnitStarter.main(JUnitStarter.java:58)
2026-01-02 05:12:57 ERROR com.hospital.servlet.PatientServlet - Access denied for user 'root'@'localhost' (using password: YES)
2026-01-02 05:12:57 INFO  com.hospital.servlet.PatientServlet - PatientServlet runs successfully
2026-01-02 05:27:16 INFO  com.hospital.servlet.PatientServlet - Patient added successfully
2026-01-02 05:27:16 INFO  com.hospital.servlet.PatientServlet - PatientServlet runs successfully
2026-01-02 05:44:11 INFO  com.hospital.service.PatientService - Fetching patient with id 1
2026-01-02 05:44:12 ERROR com.hospital.dao.PatientDao - Error while updating patient
2026-01-02 05:56:07 INFO  com.hospital.service.PatientService - Fetching all patients
2026-01-02 05:56:07 ERROR com.hospital.dao.PatientDao - Error while updating patient
java.sql.SQLException: Access denied for user 'root'@'localhost' (using password: YES)
	at com.mysql.cj.jdbc.exceptions.SQLError.createSQLException(SQLError.java:121)
	at com.mysql.cj.jdbc.exceptions.SQLExceptionsMapping.translateException(SQLExceptionsMapping.java:113)
	at com.mysql.cj.jdbc.ConnectionImpl.createNewIO(ConnectionImpl.java:861)
	at com.mysql.cj.jdbc.ConnectionImpl.<init>(ConnectionImpl.java:449)
	at com.mysql.cj.jdbc.ConnectionImpl.getInstance(ConnectionImpl.java:234)
	at com.mysql.cj.jdbc.NonRegisteringDriver.connect(NonRegisteringDriver.java:180)
	at java.sql/java.sql.DriverManager.getConnection(DriverManager.java:681)
	at java.sql/java.sql.DriverManager.getConnection(DriverManager.java:229)
	at com.hospital.util.DBUtil.getConnection(DBUtil.java:14)
	at com.hospital.dao.PatientDao.getAllPatients(PatientDao.java:52)
	at com.hospital.service.PatientService.getAllPatients(PatientService.java:27)
	at com.hospital.PatientServiceTest.getAllPatients_shouldReturnListFromDao(PatientServiceTest.java:64)
	at java.base/jdk.internal.reflect.NativeMethodAccessorImpl.invoke0(Native Method)
	at java.base/jdk.internal.reflect.NativeMethodAccessorImpl.invoke(NativeMethodAccessorImpl.java:77)
	at java.base/jdk.internal.reflect.DelegatingMethodAccessorImpl.invoke(DelegatingMethodAccessorImpl.java:43)
	at java.base/java.lang.reflect.Method.invoke(Method.java:568)
	at org.junit.platform.commons.util.ReflectionUtils.invokeMethod(ReflectionUtils.java:728)
	at org.junit.jupiter.engine.execution.MethodInvocation.proceed(MethodInvocation.java:60)
	at org.junit.jupiter.engine.execution.InvocationInterceptorChain$ValidatingInvocation.proceed(InvocationInterceptorChain.java:131)
	at org.junit.jupiter.engine.extension.TimeoutExtension.intercept(TimeoutExtension.java:156)
	at org.junit.jupiter.engine.extension.TimeoutExtension.interceptTestableMethod(TimeoutExtension.java:147)
	at org.junit.jupiter.engine.extension.TimeoutExtension.interceptTestMethod(TimeoutExtension.java:86)
	at org.junit.jupiter.engine.execution.InterceptingExecutableInvoker$ReflectiveInterceptorCall.lambda$ofVoidMethod$0(InterceptingExecutableInvoker.java:103)
	at org.junit.jupiter.engine.execution.InterceptingExecutableInvoker.lambda$invoke$0(InterceptingExecutableInvoker.java:93)
	at org.junit.jupiter.engine.execution.InvocationInterceptorChain$InterceptedInvocation.proceed(InvocationInterceptorChain.java:106)
	at org.junit.jupiter.engine.execution.InvocationInterceptorChain.proceed(InvocationInterceptorChain.java:64)
	at org.junit.jupiter.engine.execution.InvocationInterceptorChain.chainAndInvoke(InvocationInterceptorChain.java:45)
	at org.junit.jupiter.engine.execution.InvocationInterceptorChain.invoke(InvocationInterceptorChain.java:37)
	at org.junit.jupiter.engine.execution.InterceptingExecutableInvoker.invoke(InterceptingExecutableInvoker.java:92)
	at org.junit.jupiter.engine.execution.InterceptingExecutableInvoker.invoke(InterceptingExecutableInvoker.java:86)
	at org.junit.jupiter.engine.descriptor.TestMethodTestDescriptor.lambda$invokeTestMethod$7(TestMethodTestDescriptor.java:218)
	at org.junit.platform.engine.support.hierarchical.ThrowableCollector.execute(ThrowableCollector.java:73)
	at org.junit.jupiter.engine.descriptor.TestMethodTestDescriptor.invokeTestMethod(TestMethodTestDescriptor.java:214)
	at org.junit.jupiter.engine.descriptor.TestMethodTestDescriptor.execute(TestMethodTestDescriptor.java:139)
	at org.junit.jupiter.engine.descriptor.TestMethodTestDescriptor.execute(TestMethodTestDescriptor.java:69)
	at org.junit.platform.engine.support.hierarchical.NodeTestTask.lambda$executeRecursively$6(NodeTestTask.java:151)
	at org.junit.platform.engine.support.hierarchical.ThrowableCollector.execute(ThrowableCollector.java:73)
	at org.junit.platform.engine.support.hierarchical.NodeTestTask.lambda$executeRecursively$8(NodeTestTask.java:141)
	at org.junit.platform.engine.support.hierarchical.Node.around(Node.java:137)
	at org.junit.platform.engine.support.hierarchical.NodeTestTask.lambda$executeRecursively$9(NodeTestTask.java:139)
	at org.junit.platform.engine.support.hierarchical.ThrowableCollector.execute(ThrowableCollector.java:73)
	at org.junit.platform.engine.support.hierarchical.NodeTestTask.executeRecursively(NodeTestTask.java:138)
	at org.junit.platform.engine.support.hierarchical.NodeTestTask.execute(NodeTestTask.java:95)
	at java.base/java.util.ArrayList.forEach(ArrayList.java:1511)
	at org.junit.platform.engine.support.hierarchical.SameThreadHierarchicalTestExecutorService.invokeAll(SameThreadHierarchicalTestExecutorService.java:41)
	at org.junit.platform.engine.support.hierarchical.NodeTestTask.lambda$executeRecursively$6(NodeTestTask.java:155)
	at org.junit.platform.engine.support.hierarchical.ThrowableCollector.execute(ThrowableCollector.java:73)
	at org.junit.platform.engine.support.hierarchical.NodeTestTask.lambda$executeRecursively$8(NodeTestTask.java:141)
	at org.junit.platform.engine.support.hierarchical.Node.around(Node.java:137)
	at org.junit.platform.engine.support.hierarchical.NodeTestTask.lambda$executeRecursively$9(NodeTestTask.java:139)
	at org.junit.platform.engine.support.hierarchical.ThrowableCollector.execute(ThrowableCollector.java:73)
	at org.junit.platform.engine.support.hierarchical.NodeTestTask.executeRecursively(NodeTestTask.java:138)
	at org.junit.platform.engine.support.hierarchical.NodeTestTask.execute(NodeTestTask.java:95)
	at java.base/java.util.ArrayList.forEach(ArrayList.java:1511)
	at org.junit.platform.engine.support.hierarchical.SameThreadHierarchicalTestExecutorService.invokeAll(SameThreadHierarchicalTestExecutorService.java:41)
	at org.junit.platform.engine.support.hierarchical.NodeTestTask.lambda$executeRecursively$6(NodeTestTask.java:155)
	at org.junit.platform.engine.support.hierarchical.ThrowableCollector.execute(ThrowableCollector.java:73)
	at org.junit.platform.engine.support.hierarchical.NodeTestTask.lambda$executeRecursively$8(NodeTestTask.java:141)
	at org.junit.platform.engine.support.hierarchical.Node.around(Node.java:137)
	at org.junit.platform.engine.support.hierarchical.NodeTestTask.lambda$executeRecursively$9(NodeTestTask.java:139)
	at org.junit.platform.engine.support.hierarchical.ThrowableCollector.execute(ThrowableCollector.java:73)
	at org.junit.platform.engine.support.hierarchical.NodeTestTask.executeRecursively(NodeTestTask.java:138)
	at org.junit.platform.engine.support.hierarchical.NodeTestTask.execute(NodeTestTask.java:95)
	at org.junit.platform.engine.support.hierarchical.SameThreadHierarchicalTestExecutorService.submit(SameThreadHierarchicalTestExecutorService.java:35)
	at org.junit.platform.engine.support.hierarchical.HierarchicalTestExecutor.execute(HierarchicalTestExecutor.java:57)
	at org.junit.platform.engine.support.hierarchical.HierarchicalTestEngine.execute(HierarchicalTestEngine.java:54)
	at org.junit.platform.launcher.core.EngineExecutionOrchestrator.execute(EngineExecutionOrchestrator.java:198)
	at org.junit.platform.launcher.core.EngineExecutionOrchestrator.execute(EngineExecutionOrchestrator.java:169)
	at org.junit.platform.launcher.core.EngineExecutionOrchestrator.execute(EngineExecutionOrchestrator.java:93)
	at org.junit.platform.launcher.core.EngineExecutionOrchestrator.lambda$execute$0(EngineExecutionOrchestrator.java:58)
	at org.junit.platform.launcher.core.EngineExecutionOrchestrator.withInterceptedStreams(EngineExecutionOrchestrator.java:141)
	at org.junit.platform.launcher.core.EngineExecutionOrchestrator.execute(EngineExecutionOrchestrator.java:57)
	at org.junit.platform.launcher.core.DefaultLauncher.execute(DefaultLauncher.java:103)
	at org.junit.platform.launcher.core.DefaultLauncher.execute(DefaultLauncher.java:85)
	at org.junit.platform.launcher.core.DelegatingLauncher.execute(DelegatingLauncher.java:47)
	at org.apache.maven.surefire.junitplatform.LazyLauncher.execute(LazyLauncher.java:56)
	at org.apache.maven.surefire.junitplatform.JUnitPlatformProvider.execute(JUnitPlatformProvider.java:184)
	at org.apache.maven.surefire.junitplatform.JUnitPlatformProvider.invokeAllTests(JUnitPlatformProvider.java:148)
	at org.apache.maven.surefire.junitplatform.JUnitPlatformProvider.invoke(JUnitPlatformProvider.java:122)
	at org.apache.maven.surefire.booter.ForkedBooter.runSuitesInProcess(ForkedBooter.java:385)
	at org.apache.maven.surefire.booter.ForkedBooter.execute(ForkedBooter.java:162)
	at org.apache.maven.surefire.booter.ForkedBooter.run(ForkedBooter.java:507)
	at org.apache.maven.surefire.booter.ForkedBooter.main(ForkedBooter.java:495)
2026-01-02 05:56:07 INFO  com.hospital.servlet.PatientServlet - Patient added successfully
2026-01-02 05:56:07 INFO  com.hospital.servlet.PatientServlet - PatientServlet runs successfully
2026-01-02 05:57:07 INFO  com.hospital.service.PatientService - Fetching all patients
2026-01-02 05:57:08 ERROR com.hospital.dao.PatientDao - Error while updating patient
java.sql.SQLException: Access denied for user 'root'@'localhost' (using password: YES)
	at com.mysql.cj.jdbc.exceptions.SQLError.createSQLException(SQLError.java:121)
	at com.mysql.cj.jdbc.exceptions.SQLExceptionsMapping.translateException(SQLExceptionsMapping.java:113)
	at com.mysql.cj.jdbc.ConnectionImpl.createNewIO(ConnectionImpl.java:861)
	at com.mysql.cj.jdbc.ConnectionImpl.<init>(ConnectionImpl.java:449)
	at com.mysql.cj.jdbc.ConnectionImpl.getInstance(ConnectionImpl.java:234)
	at com.mysql.cj.jdbc.NonRegisteringDriver.connect(NonRegisteringDriver.java:180)
	at java.sql/java.sql.DriverManager.getConnection(DriverManager.java:681)
	at java.sql/java.sql.DriverManager.getConnection(DriverManager.java:229)
	at com.hospital.util.DBUtil.getConnection(DBUtil.java:14)
	at com.hospital.dao.PatientDao.getAllPatients(PatientDao.java:52)
	at com.hospital.service.PatientService.getAllPatients(PatientService.java:27)
	at com.hospital.PatientServiceTest.getAllPatients_shouldReturnListFromDao(PatientServiceTest.java:64)
	at java.base/jdk.internal.reflect.NativeMethodAccessorImpl.invoke0(Native Method)
	at java.base/jdk.internal.reflect.NativeMethodAccessorImpl.invoke(NativeMethodAccessorImpl.java:77)
	at java.base/jdk.internal.reflect.DelegatingMethodAccessorImpl.invoke(DelegatingMethodAccessorImpl.java:43)
	at java.base/java.lang.reflect.Method.invoke(Method.java:568)
	at org.junit.platform.commons.util.ReflectionUtils.invokeMethod(ReflectionUtils.java:728)
	at org.junit.jupiter.engine.execution.MethodInvocation.proceed(MethodInvocation.java:60)
	at org.junit.jupiter.engine.execution.InvocationInterceptorChain$ValidatingInvocation.proceed(InvocationInterceptorChain.java:131)
	at org.junit.jupiter.engine.extension.TimeoutExtension.intercept(TimeoutExtension.java:156)
	at org.junit.jupiter.engine.extension.TimeoutExtension.interceptTestableMethod(TimeoutExtension.java:147)
	at org.junit.jupiter.engine.extension.TimeoutExtension.interceptTestMethod(TimeoutExtension.java:86)
	at org.junit.jupiter.engine.execution.InterceptingExecutableInvoker$ReflectiveInterceptorCall.lambda$ofVoidMethod$0(InterceptingExecutableInvoker.java:103)
	at org.junit.jupiter.engine.execution.InterceptingExecutableInvoker.lambda$invoke$0(InterceptingExecutableInvoker.java:93)
	at org.junit.jupiter.engine.execution.InvocationInterceptorChain$InterceptedInvocation.proceed(InvocationInterceptorChain.java:106)
	at org.junit.jupiter.engine.execution.InvocationInterceptorChain.proceed(InvocationInterceptorChain.java:64)
	at org.junit.jupiter.engine.execution.InvocationInterceptorChain.chainAndInvoke(InvocationInterceptorChain.java:45)
	at org.junit.jupiter.engine.execution.InvocationInterceptorChain.invoke(InvocationInterceptorChain.java:37)
	at org.junit.jupiter.engine.execution.InterceptingExecutableInvoker.invoke(InterceptingExecutableInvoker.java:92)
	at org.junit.jupiter.engine.execution.InterceptingExecutableInvoker.invoke(InterceptingExecutableInvoker.java:86)
	at org.junit.jupiter.engine.descriptor.TestMethodTestDescriptor.lambda$invokeTestMethod$7(TestMethodTestDescriptor.java:218)
	at org.junit.platform.engine.support.hierarchical.ThrowableCollector.execute(ThrowableCollector.java:73)
	at org.junit.jupiter.engine.descriptor.TestMethodTestDescriptor.invokeTestMethod(TestMethodTestDescriptor.java:214)
	at org.junit.jupiter.engine.descriptor.TestMethodTestDescriptor.execute(TestMethodTestDescriptor.java:139)
	at org.junit.jupiter.engine.descriptor.TestMethodTestDescriptor.execute(TestMethodTestDescriptor.java:69)
	at org.junit.platform.engine.support.hierarchical.NodeTestTask.lambda$executeRecursively$6(NodeTestTask.java:151)
	at org.junit.platform.engine.support.hierarchical.ThrowableCollector.execute(ThrowableCollector.java:73)
	at org.junit.platform.engine.support.hierarchical.NodeTestTask.lambda$executeRecursively$8(NodeTestTask.java:141)
	at org.junit.platform.engine.support.hierarchical.Node.around(Node.java:137)
	at org.junit.platform.engine.support.hierarchical.NodeTestTask.lambda$executeRecursively$9(NodeTestTask.java:139)
	at org.junit.platform.engine.support.hierarchical.ThrowableCollector.execute(ThrowableCollector.java:73)
	at org.junit.platform.engine.support.hierarchical.NodeTestTask.executeRecursively(NodeTestTask.java:138)
	at org.junit.platform.engine.support.hierarchical.NodeTestTask.execute(NodeTestTask.java:95)
	at java.base/java.util.ArrayList.forEach(ArrayList.java:1511)
	at org.junit.platform.engine.support.hierarchical.SameThreadHierarchicalTestExecutorService.invokeAll(SameThreadHierarchicalTestExecutorService.java:41)
	at org.junit.platform.engine.support.hierarchical.NodeTestTask.lambda$executeRecursively$6(NodeTestTask.java:155)
	at org.junit.platform.engine.support.hierarchical.ThrowableCollector.execute(ThrowableCollector.java:73)
	at org.junit.platform.engine.support.hierarchical.NodeTestTask.lambda$executeRecursively$8(NodeTestTask.java:141)
	at org.junit.platform.engine.support.hierarchical.Node.around(Node.java:137)
	at org.junit.platform.engine.support.hierarchical.NodeTestTask.lambda$executeRecursively$9(NodeTestTask.java:139)
	at org.junit.platform.engine.support.hierarchical.ThrowableCollector.execute(ThrowableCollector.java:73)
	at org.junit.platform.engine.support.hierarchical.NodeTestTask.executeRecursively(NodeTestTask.java:138)
	at org.junit.platform.engine.support.hierarchical.NodeTestTask.execute(NodeTestTask.java:95)
	at java.base/java.util.ArrayList.forEach(ArrayList.java:1511)
	at org.junit.platform.engine.support.hierarchical.SameThreadHierarchicalTestExecutorService.invokeAll(SameThreadHierarchicalTestExecutorService.java:41)
	at org.junit.platform.engine.support.hierarchical.NodeTestTask.lambda$executeRecursively$6(NodeTestTask.java:155)
	at org.junit.platform.engine.support.hierarchical.ThrowableCollector.execute(ThrowableCollector.java:73)
	at org.junit.platform.engine.support.hierarchical.NodeTestTask.lambda$executeRecursively$8(NodeTestTask.java:141)
	at org.junit.platform.engine.support.hierarchical.Node.around(Node.java:137)
	at org.junit.platform.engine.support.hierarchical.NodeTestTask.lambda$executeRecursively$9(NodeTestTask.java:139)
	at org.junit.platform.engine.support.hierarchical.ThrowableCollector.execute(ThrowableCollector.java:73)
	at org.junit.platform.engine.support.hierarchical.NodeTestTask.executeRecursively(NodeTestTask.java:138)
	at org.junit.platform.engine.support.hierarchical.NodeTestTask.execute(NodeTestTask.java:95)
	at org.junit.platform.engine.support.hierarchical.SameThreadHierarchicalTestExecutorService.submit(SameThreadHierarchicalTestExecutorService.java:35)
	at org.junit.platform.engine.support.hierarchical.HierarchicalTestExecutor.execute(HierarchicalTestExecutor.java:57)
	at org.junit.platform.engine.support.hierarchical.HierarchicalTestEngine.execute(HierarchicalTestEngine.java:54)
	at org.junit.platform.launcher.core.EngineExecutionOrchestrator.execute(EngineExecutionOrchestrator.java:198)
	at org.junit.platform.launcher.core.EngineExecutionOrchestrator.execute(EngineExecutionOrchestrator.java:169)
	at org.junit.platform.launcher.core.EngineExecutionOrchestrator.execute(EngineExecutionOrchestrator.java:93)
	at org.junit.platform.launcher.core.EngineExecutionOrchestrator.lambda$execute$0(EngineExecutionOrchestrator.java:58)
	at org.junit.platform.launcher.core.EngineExecutionOrchestrator.withInterceptedStreams(EngineExecutionOrchestrator.java:141)
	at org.junit.platform.launcher.core.EngineExecutionOrchestrator.execute(EngineExecutionOrchestrator.java:57)
	at org.junit.platform.launcher.core.DefaultLauncher.execute(DefaultLauncher.java:103)
	at org.junit.platform.launcher.core.DefaultLauncher.execute(DefaultLauncher.java:85)
	at org.junit.platform.launcher.core.DelegatingLauncher.execute(DelegatingLauncher.java:47)
	at org.apache.maven.surefire.junitplatform.LazyLauncher.execute(LazyLauncher.java:56)
	at org.apache.maven.surefire.junitplatform.JUnitPlatformProvider.execute(JUnitPlatformProvider.java:184)
	at org.apache.maven.surefire.junitplatform.JUnitPlatformProvider.invokeAllTests(JUnitPlatformProvider.java:148)
	at org.apache.maven.surefire.junitplatform.JUnitPlatformProvider.invoke(JUnitPlatformProvider.java:122)
	at org.apache.maven.surefire.booter.ForkedBooter.runSuitesInProcess(ForkedBooter.java:385)
	at org.apache.maven.surefire.booter.ForkedBooter.execute(ForkedBooter.java:162)
	at org.apache.maven.surefire.booter.ForkedBooter.run(ForkedBooter.java:507)
	at org.apache.maven.surefire.booter.ForkedBooter.main(ForkedBooter.java:495)
2026-01-02 05:57:08 INFO  com.hospital.servlet.PatientServlet - Patient added successfully
2026-01-02 05:57:08 INFO  com.hospital.servlet.PatientServlet - PatientServlet runs successfully
2026-01-02 06:04:14 INFO  com.hospital.service.PatientService - Adding patient
2026-01-02 06:04:15 ERROR com.hospital.dao.PatientDao - Error while adding patient
java.sql.SQLException: Access denied for user 'root'@'localhost' (using password: YES)
	at com.mysql.cj.jdbc.exceptions.SQLError.createSQLException(SQLError.java:121)
	at com.mysql.cj.jdbc.exceptions.SQLExceptionsMapping.translateException(SQLExceptionsMapping.java:113)
	at com.mysql.cj.jdbc.ConnectionImpl.createNewIO(ConnectionImpl.java:861)
	at com.mysql.cj.jdbc.ConnectionImpl.<init>(ConnectionImpl.java:449)
	at com.mysql.cj.jdbc.ConnectionImpl.getInstance(ConnectionImpl.java:234)
	at com.mysql.cj.jdbc.NonRegisteringDriver.connect(NonRegisteringDriver.java:180)
	at java.sql/java.sql.DriverManager.getConnection(DriverManager.java:683)
	at java.sql/java.sql.DriverManager.getConnection(DriverManager.java:230)
	at com.hospital.util.DBUtil.getConnection(DBUtil.java:14)
	at com.hospital.dao.PatientDao.addPatient(PatientDao.java:26)
	at com.hospital.service.PatientService.addPatient(PatientService.java:22)
	at com.hospital.PatientServiceTest.addPatient_shouldCallDao_whenValidPatient(PatientServiceTest.java:33)
	at java.base/jdk.internal.reflect.DirectMethodHandleAccessor.invoke(DirectMethodHandleAccessor.java:103)
	at java.base/java.lang.reflect.Method.invoke(Method.java:580)
	at org.junit.platform.commons.util.ReflectionUtils.invokeMethod(ReflectionUtils.java:728)
	at org.junit.jupiter.engine.execution.MethodInvocation.proceed(MethodInvocation.java:60)
	at org.junit.jupiter.engine.execution.InvocationInterceptorChain$ValidatingInvocation.proceed(InvocationInterceptorChain.java:131)
	at org.junit.jupiter.engine.extension.TimeoutExtension.intercept(TimeoutExtension.java:156)
	at org.junit.jupiter.engine.extension.TimeoutExtension.interceptTestableMethod(TimeoutExtension.java:147)
	at org.junit.jupiter.engine.extension.TimeoutExtension.interceptTestMethod(TimeoutExtension.java:86)
	at org.junit.jupiter.engine.execution.InterceptingExecutableInvoker$ReflectiveInterceptorCall.lambda$ofVoidMethod$0(InterceptingExecutableInvoker.java:103)
	at org.junit.jupiter.engine.execution.InterceptingExecutableInvoker.lambda$invoke$0(InterceptingExecutableInvoker.java:93)
	at org.junit.jupiter.engine.execution.InvocationInterceptorChain$InterceptedInvocation.proceed(InvocationInterceptorChain.java:106)
	at org.junit.jupiter.engine.execution.InvocationInterceptorChain.proceed(InvocationInterceptorChain.java:64)
	at org.junit.jupiter.engine.execution.InvocationInterceptorChain.chainAndInvoke(InvocationInterceptorChain.java:45)
	at org.junit.jupiter.engine.execution.InvocationInterceptorChain.invoke(InvocationInterceptorChain.java:37)
	at org.junit.jupiter.engine.execution.InterceptingExecutableInvoker.invoke(InterceptingExecutableInvoker.java:92)
	at org.junit.jupiter.engine.execution.InterceptingExecutableInvoker.invoke(InterceptingExecutableInvoker.java:86)
	at org.junit.jupiter.engine.descriptor.TestMethodTestDescriptor.lambda$invokeTestMethod$7(TestMethodTestDescriptor.java:218)
	at org.junit.platform.engine.support.hierarchical.ThrowableCollector.execute(ThrowableCollector.java:73)
	at org.junit.jupiter.engine.descriptor.TestMethodTestDescriptor.invokeTestMethod(TestMethodTestDescriptor.java:214)
	at org.junit.jupiter.engine.descriptor.TestMethodTestDescriptor.execute(TestMethodTestDescriptor.java:139)
	at org.junit.jupiter.engine.descriptor.TestMethodTestDescriptor.execute(TestMethodTestDescriptor.java:69)
	at org.junit.platform.engine.support.hierarchical.NodeTestTask.lambda$executeRecursively$6(NodeTestTask.java:151)
	at org.junit.platform.engine.support.hierarchical.ThrowableCollector.execute(ThrowableCollector.java:73)
	at org.junit.platform.engine.support.hierarchical.NodeTestTask.lambda$executeRecursively$8(NodeTestTask.java:141)
	at org.junit.platform.engine.support.hierarchical.Node.around(Node.java:137)
	at org.junit.platform.engine.support.hierarchical.NodeTestTask.lambda$executeRecursively$9(NodeTestTask.java:139)
	at org.junit.platform.engine.support.hierarchical.ThrowableCollector.execute(ThrowableCollector.java:73)
	at org.junit.platform.engine.support.hierarchical.NodeTestTask.executeRecursively(NodeTestTask.java:138)
	at org.junit.platform.engine.support.hierarchical.NodeTestTask.execute(NodeTestTask.java:95)
	at java.base/java.util.ArrayList.forEach(ArrayList.java:1596)
	at org.junit.platform.engine.support.hierarchical.SameThreadHierarchicalTestExecutorService.invokeAll(SameThreadHierarchicalTestExecutorService.java:41)
	at org.junit.platform.engine.support.hierarchical.NodeTestTask.lambda$executeRecursively$6(NodeTestTask.java:155)
	at org.junit.platform.engine.support.hierarchical.ThrowableCollector.execute(ThrowableCollector.java:73)
	at org.junit.platform.engine.support.hierarchical.NodeTestTask.lambda$executeRecursively$8(NodeTestTask.java:141)
	at org.junit.platform.engine.support.hierarchical.Node.around(Node.java:137)
	at org.junit.platform.engine.support.hierarchical.NodeTestTask.lambda$executeRecursively$9(NodeTestTask.java:139)
	at org.junit.platform.engine.support.hierarchical.ThrowableCollector.execute(ThrowableCollector.java:73)
	at org.junit.platform.engine.support.hierarchical.NodeTestTask.executeRecursively(NodeTestTask.java:138)
	at org.junit.platform.engine.support.hierarchical.NodeTestTask.execute(NodeTestTask.java:95)
	at java.base/java.util.ArrayList.forEach(ArrayList.java:1596)
	at org.junit.platform.engine.support.hierarchical.SameThreadHierarchicalTestExecutorService.invokeAll(SameThreadHierarchicalTestExecutorService.java:41)
	at org.junit.platform.engine.support.hierarchical.NodeTestTask.lambda$executeRecursively$6(NodeTestTask.java:155)
	at org.junit.platform.engine.support.hierarchical.ThrowableCollector.execute(ThrowableCollector.java:73)
	at org.junit.platform.engine.support.hierarchical.NodeTestTask.lambda$executeRecursively$8(NodeTestTask.java:141)
	at org.junit.platform.engine.support.hierarchical.Node.around(Node.java:137)
	at org.junit.platform.engine.support.hierarchical.NodeTestTask.lambda$executeRecursively$9(NodeTestTask.java:139)
	at org.junit.platform.engine.support.hierarchical.ThrowableCollector.execute(ThrowableCollector.java:73)
	at org.junit.platform.engine.support.hierarchical.NodeTestTask.executeRecursively(NodeTestTask.java:138)
	at org.junit.platform.engine.support.hierarchical.NodeTestTask.execute(NodeTestTask.java:95)
	at org.junit.platform.engine.support.hierarchical.SameThreadHierarchicalTestExecutorService.submit(SameThreadHierarchicalTestExecutorService.java:35)
	at org.junit.platform.engine.support.hierarchical.HierarchicalTestExecutor.execute(HierarchicalTestExecutor.java:57)
	at org.junit.platform.engine.support.hierarchical.HierarchicalTestEngine.execute(HierarchicalTestEngine.java:54)
	at org.junit.platform.launcher.core.EngineExecutionOrchestrator.execute(EngineExecutionOrchestrator.java:198)
	at org.junit.platform.launcher.core.EngineExecutionOrchestrator.execute(EngineExecutionOrchestrator.java:169)
	at org.junit.platform.launcher.core.EngineExecutionOrchestrator.execute(EngineExecutionOrchestrator.java:93)
	at org.junit.platform.launcher.core.EngineExecutionOrchestrator.lambda$execute$0(EngineExecutionOrchestrator.java:58)
	at org.junit.platform.launcher.core.EngineExecutionOrchestrator.withInterceptedStreams(EngineExecutionOrchestrator.java:141)
	at org.junit.platform.launcher.core.EngineExecutionOrchestrator.execute(EngineExecutionOrchestrator.java:57)
	at org.junit.platform.launcher.core.DefaultLauncher.execute(DefaultLauncher.java:103)
	at org.junit.platform.launcher.core.DefaultLauncher.execute(DefaultLauncher.java:85)
	at org.junit.platform.launcher.core.DelegatingLauncher.execute(DelegatingLauncher.java:47)
	at org.junit.platform.launcher.core.SessionPerRequestLauncher.execute(SessionPerRequestLauncher.java:63)
	at com.intellij.junit5.JUnit5IdeaTestRunner.startRunnerWithArgs(JUnit5IdeaTestRunner.java:66)
	at com.intellij.rt.junit.IdeaTestRunner$Repeater$1.execute(IdeaTestRunner.java:38)
	at com.intellij.rt.execution.junit.TestsRepeater.repeat(TestsRepeater.java:11)
	at com.intellij.rt.junit.IdeaTestRunner$Repeater.startRunnerWithArgs(IdeaTestRunner.java:35)
	at com.intellij.rt.junit.JUnitStarter.prepareStreamsAndStart(JUnitStarter.java:237)
	at com.intellij.rt.junit.JUnitStarter.main(JUnitStarter.java:58)
2026-01-02 06:19:35 INFO  com.hospital.service.PatientService - Adding patient
2026-01-02 06:19:35 INFO  com.hospital.service.PatientService - Fetching all patients
2026-01-02 06:23:51 INFO  com.hospital.service.PatientService - Fetching patient with id 1
2026-01-02 06:25:38 INFO  com.hospital.service.PatientService - Fetching patient with id 1
2026-01-02 06:25:38 INFO  com.hospital.service.PatientService - Adding patient
2026-01-02 06:25:38 INFO  com.hospital.service.PatientService - Fetching all patients
2026-01-02 06:25:38 INFO  com.hospital.servlet.PatientServlet - Patient added successfully
2026-01-02 06:25:38 INFO  com.hospital.servlet.PatientServlet - PatientServlet runs successfully
2026-01-02 06:26:07 INFO  com.hospital.service.PatientService - Fetching patient with id 1
2026-01-02 06:26:07 INFO  com.hospital.service.PatientService - Adding patient
2026-01-02 06:26:07 INFO  com.hospital.service.PatientService - Fetching all patients
2026-01-02 06:26:07 INFO  com.hospital.servlet.PatientServlet - Patient added successfully
2026-01-02 06:26:07 INFO  com.hospital.servlet.PatientServlet - PatientServlet runs successfully
2026-01-02 09:34:06 INFO  com.hospital.service.PatientService - Fetching patient with id 1
2026-01-02 09:34:06 INFO  com.hospital.service.PatientService - Adding patient
2026-01-02 09:34:06 INFO  com.hospital.service.PatientService - Fetching all patients
2026-01-02 09:34:06 INFO  com.hospital.servlet.PatientServlet - Patient added successfully
2026-01-02 09:34:06 INFO  com.hospital.servlet.PatientServlet - PatientServlet runs successfully
2026-01-02 09:34:36 INFO  com.hospital.service.PatientService - Fetching patient with id 1
2026-01-02 09:34:36 INFO  com.hospital.service.PatientService - Adding patient
2026-01-02 09:34:36 INFO  com.hospital.service.PatientService - Fetching all patients
2026-01-02 09:34:36 INFO  com.hospital.servlet.PatientServlet - Patient added successfully
2026-01-02 09:34:36 INFO  com.hospital.servlet.PatientServlet - PatientServlet runs successfully
2026-01-02 09:58:22 INFO  com.hospital.service.PatientService - Fetching patient with id 1
2026-01-02 09:58:22 INFO  com.hospital.service.PatientService - Adding patient
2026-01-02 09:58:22 INFO  com.hospital.service.PatientService - Fetching all patients
2026-01-02 09:58:22 INFO  com.hospital.servlet.PatientServlet - Patient added successfully
2026-01-02 09:58:22 INFO  com.hospital.servlet.PatientServlet - PatientServlet runs successfully
2026-01-02 09:58:38 INFO  com.hospital.service.PatientService - Fetching patient with id 1
2026-01-02 09:58:38 INFO  com.hospital.service.PatientService - Adding patient
2026-01-02 09:58:38 INFO  com.hospital.service.PatientService - Fetching all patients
2026-01-02 09:58:38 INFO  com.hospital.servlet.PatientServlet - Patient added successfully
2026-01-02 09:58:38 INFO  com.hospital.servlet.PatientServlet - PatientServlet runs successfully
2026-01-02 10:02:21 INFO  com.hospital.service.PatientService - Fetching patient with id 1
2026-01-02 10:02:21 INFO  com.hospital.service.PatientService - Adding patient
2026-01-02 10:02:21 INFO  com.hospital.service.PatientService - Fetching all patients
2026-01-02 10:02:21 INFO  com.hospital.servlet.PatientServlet - Patient added successfully
2026-01-02 10:02:21 INFO  com.hospital.servlet.PatientServlet - PatientServlet runs successfully
2026-01-02 10:41:32 INFO  com.hospital.service.AppointmentService - Getting all Appointments
2026-01-02 10:41:32 INFO  com.hospital.service.AppointmentService - getting appointment by doctor id
2026-01-02 10:41:33 INFO  com.hospital.service.AppointmentService - Getting all Appointments
2026-01-02 10:41:33 INFO  com.hospital.service.PatientService - Fetching patient with id 1
2026-01-02 10:41:33 INFO  com.hospital.service.PatientService - Adding patient
2026-01-02 10:41:33 INFO  com.hospital.service.PatientService - Fetching all patients
2026-01-02 10:41:33 INFO  com.hospital.servlet.PatientServlet - Patient added successfully
2026-01-02 10:41:33 INFO  com.hospital.servlet.PatientServlet - PatientServlet runs successfully
2026-01-02 10:42:18 INFO  com.hospital.service.AppointmentService - Getting all Appointments
2026-01-02 10:42:19 INFO  com.hospital.service.AppointmentService - getting appointment by doctor id
2026-01-02 10:42:20 INFO  com.hospital.service.AppointmentService - Getting all Appointments
2026-01-02 10:42:20 INFO  com.hospital.service.PatientService - Fetching patient with id 1
2026-01-02 10:42:20 INFO  com.hospital.service.PatientService - Adding patient
2026-01-02 10:42:20 INFO  com.hospital.service.PatientService - Fetching all patients
2026-01-02 10:42:20 INFO  com.hospital.servlet.PatientServlet - Patient added successfully
2026-01-02 10:42:20 INFO  com.hospital.servlet.PatientServlet - PatientServlet runs successfully
2026-01-02 10:42:39 INFO  com.hospital.service.AppointmentService - Getting all Appointments
2026-01-02 10:42:39 INFO  com.hospital.service.AppointmentService - getting appointment by doctor id
2026-01-02 10:42:40 INFO  com.hospital.service.AppointmentService - Getting all Appointments
2026-01-02 10:42:40 INFO  com.hospital.service.PatientService - Fetching patient with id 1
2026-01-02 10:42:40 INFO  com.hospital.service.PatientService - Adding patient
2026-01-02 10:42:40 INFO  com.hospital.service.PatientService - Fetching all patients
2026-01-02 10:42:40 INFO  com.hospital.servlet.PatientServlet - Patient added successfully
2026-01-02 10:42:40 INFO  com.hospital.servlet.PatientServlet - PatientServlet runs successfully
2026-01-02 10:50:06 INFO  com.hospital.service.AppointmentService - Getting all Appointments
2026-01-02 10:50:07 INFO  com.hospital.service.AppointmentService - getting appointment by doctor id
2026-01-02 10:50:07 INFO  com.hospital.service.AppointmentService - Getting all Appointments
2026-01-02 10:50:08 INFO  com.hospital.service.PatientService - Fetching patient with id 1
2026-01-02 10:50:08 INFO  com.hospital.service.PatientService - Adding patient
2026-01-02 10:50:08 INFO  com.hospital.service.PatientService - Fetching all patients
2026-01-02 10:50:08 INFO  com.hospital.servlet.PatientServlet - Patient added successfully
2026-01-02 10:50:08 INFO  com.hospital.servlet.PatientServlet - PatientServlet runs successfully
2026-01-02 10:50:17 INFO  com.hospital.service.AppointmentService - Getting all Appointments
2026-01-02 10:50:17 INFO  com.hospital.service.AppointmentService - getting appointment by doctor id
2026-01-02 10:50:18 INFO  com.hospital.service.AppointmentService - Getting all Appointments
2026-01-02 10:50:18 INFO  com.hospital.service.PatientService - Fetching patient with id 1
2026-01-02 10:50:18 INFO  com.hospital.service.PatientService - Adding patient
2026-01-02 10:50:18 INFO  com.hospital.service.PatientService - Fetching all patients
2026-01-02 10:50:18 INFO  com.hospital.servlet.PatientServlet - Patient added successfully
2026-01-02 10:50:18 INFO  com.hospital.servlet.PatientServlet - PatientServlet runs successfully
2026-01-02 11:01:44 INFO  com.hospital.service.AppointmentService - Getting all Appointments
2026-01-02 11:01:45 INFO  com.hospital.service.AppointmentService - getting appointment by doctor id
2026-01-02 11:01:45 INFO  com.hospital.service.AppointmentService - Getting all Appointments
2026-01-02 11:01:46 INFO  com.hospital.service.PatientService - Fetching patient with id 1
2026-01-02 11:01:46 INFO  com.hospital.service.PatientService - Adding patient
2026-01-02 11:01:46 INFO  com.hospital.service.PatientService - Fetching all patients
2026-01-02 11:01:46 INFO  com.hospital.servlet.PatientServlet - Patient added successfully
2026-01-02 11:01:46 INFO  com.hospital.servlet.PatientServlet - PatientServlet runs successfully
2026-01-02 11:03:30 INFO  com.hospital.service.AppointmentService - Getting all Appointments
2026-01-02 11:03:31 INFO  com.hospital.service.AppointmentService - getting appointment by doctor id
2026-01-02 11:03:31 INFO  com.hospital.service.AppointmentService - Getting all Appointments
2026-01-02 11:03:31 INFO  com.hospital.service.PatientService - Fetching patient with id 1
2026-01-02 11:03:31 INFO  com.hospital.service.PatientService - Adding patient
2026-01-02 11:03:31 INFO  com.hospital.service.PatientService - Fetching all patients
2026-01-02 11:03:31 INFO  com.hospital.servlet.PatientServlet - Patient added successfully
2026-01-02 11:03:31 INFO  com.hospital.servlet.PatientServlet - PatientServlet runs successfully
2026-01-02 11:04:57 INFO  com.hospital.service.AppointmentService - Getting all Appointments
2026-01-02 11:04:58 INFO  com.hospital.service.AppointmentService - getting appointment by doctor id
2026-01-02 11:04:58 INFO  com.hospital.service.AppointmentService - Getting all Appointments
2026-01-02 11:04:58 INFO  com.hospital.service.PatientService - Fetching patient with id 1
2026-01-02 11:04:58 INFO  com.hospital.service.PatientService - Adding patient
2026-01-02 11:04:58 INFO  com.hospital.service.PatientService - Fetching all patients
2026-01-02 11:04:58 INFO  com.hospital.servlet.PatientServlet - Patient added successfully
2026-01-02 11:04:58 INFO  com.hospital.servlet.PatientServlet - PatientServlet runs successfully
2026-01-02 11:07:37 INFO  com.hospital.service.AppointmentService - Getting all Appointments
2026-01-02 11:07:38 INFO  com.hospital.service.AppointmentService - getting appointment by doctor id
2026-01-02 11:07:38 INFO  com.hospital.service.AppointmentService - Getting all Appointments
2026-01-02 11:07:38 INFO  com.hospital.service.PatientService - Fetching patient with id 1
2026-01-02 11:07:38 INFO  com.hospital.service.PatientService - Adding patient
2026-01-02 11:07:38 INFO  com.hospital.service.PatientService - Fetching all patients
2026-01-02 11:07:38 INFO  com.hospital.servlet.PatientServlet - Patient added successfully
2026-01-02 11:07:38 INFO  com.hospital.servlet.PatientServlet - PatientServlet runs successfully
2026-01-02 11:17:56 INFO  com.hospital.service.AppointmentService - Getting all Appointments
2026-01-02 11:17:56 INFO  com.hospital.service.AppointmentService - getting appointment by doctor id
2026-01-02 11:17:57 INFO  com.hospital.service.AppointmentService - Getting all Appointments
2026-01-02 11:17:57 INFO  com.hospital.service.PatientService - Fetching patient with id 1
2026-01-02 11:17:57 INFO  com.hospital.service.PatientService - Adding patient
2026-01-02 11:17:57 INFO  com.hospital.service.PatientService - Fetching all patients
2026-01-02 11:17:57 INFO  com.hospital.servlet.PatientServlet - Patient added successfully
2026-01-02 11:17:57 INFO  com.hospital.servlet.PatientServlet - PatientServlet runs successfully
2026-01-02 11:21:43 INFO  com.hospital.service.AppointmentService - Getting all Appointments
2026-01-02 11:21:44 INFO  com.hospital.service.AppointmentService - getting appointment by doctor id
2026-01-02 11:21:45 INFO  com.hospital.service.AppointmentService - Getting all Appointments
2026-01-02 11:21:45 INFO  com.hospital.service.PatientService - Fetching patient with id 1
2026-01-02 11:21:45 INFO  com.hospital.service.PatientService - Adding patient
2026-01-02 11:21:45 INFO  com.hospital.service.PatientService - Fetching all patients
2026-01-02 11:21:45 INFO  com.hospital.servlet.PatientServlet - Patient added successfully
2026-01-02 11:21:45 INFO  com.hospital.servlet.PatientServlet - PatientServlet runs successfully
2026-01-02 11:24:41 INFO  com.hospital.service.AppointmentService - Getting all Appointments
2026-01-02 11:24:41 INFO  com.hospital.service.AppointmentService - getting appointment by doctor id
2026-01-02 11:24:42 INFO  com.hospital.service.AppointmentService - Getting all Appointments
2026-01-02 11:24:42 INFO  com.hospital.service.PatientService - Fetching patient with id 1
2026-01-02 11:24:42 INFO  com.hospital.service.PatientService - Adding patient
2026-01-02 11:24:42 INFO  com.hospital.service.PatientService - Fetching all patients
2026-01-02 11:24:42 INFO  com.hospital.servlet.PatientServlet - Patient added successfully
2026-01-02 11:24:42 INFO  com.hospital.servlet.PatientServlet - PatientServlet runs successfully
2026-01-02 11:27:53 INFO  com.hospital.service.AppointmentService - Getting all Appointments
2026-01-02 11:27:54 INFO  com.hospital.service.AppointmentService - getting appointment by doctor id
2026-01-02 11:27:55 INFO  com.hospital.service.AppointmentService - Getting all Appointments
2026-01-02 11:27:55 INFO  com.hospital.service.PatientService - Fetching patient with id 1
2026-01-02 11:27:55 INFO  com.hospital.service.PatientService - Adding patient
2026-01-02 11:27:55 INFO  com.hospital.service.PatientService - Fetching all patients
2026-01-02 11:27:55 INFO  com.hospital.servlet.PatientServlet - Patient added successfully
2026-01-02 11:27:55 INFO  com.hospital.servlet.PatientServlet - PatientServlet runs successfully
2026-01-02 12:46:54 INFO  com.hospital.service.AppointmentService - Getting all Appointments
2026-01-02 12:46:55 INFO  com.hospital.service.AppointmentService - getting appointment by doctor id
2026-01-02 12:46:55 INFO  com.hospital.service.AppointmentService - Getting all Appointments
2026-01-02 12:46:55 INFO  com.hospital.service.PatientService - Fetching patient with id 1
2026-01-02 12:46:55 INFO  com.hospital.service.PatientService - Adding patient
2026-01-02 12:46:55 INFO  com.hospital.service.PatientService - Fetching all patients
2026-01-02 12:46:55 INFO  com.hospital.servlet.PatientServlet - Patient added successfully
2026-01-02 12:46:55 INFO  com.hospital.servlet.PatientServlet - PatientServlet runs successfully
2026-01-02 13:31:50 INFO  com.hospital.service.AppointmentService - Getting all Appointments
2026-01-02 13:31:51 INFO  com.hospital.service.AppointmentService - getting appointment by doctor id
2026-01-02 13:31:52 INFO  com.hospital.service.AppointmentService - Getting all Appointments
2026-01-02 13:31:52 INFO  com.hospital.service.PatientService - Fetching patient with id 1
2026-01-02 13:31:52 INFO  com.hospital.service.PatientService - Adding patient
2026-01-02 13:31:52 INFO  com.hospital.service.PatientService - Fetching all patients
2026-01-02 13:31:52 INFO  com.hospital.servlet.PatientServlet - Patient added successfully
2026-01-02 13:31:52 INFO  com.hospital.servlet.PatientServlet - PatientServlet runs successfully
2026-01-02 14:42:39 INFO  com.hospital.service.AppointmentService - Getting all Appointments
2026-01-02 14:42:40 INFO  com.hospital.service.AppointmentService - getting appointment by doctor id
2026-01-02 14:42:41 INFO  com.hospital.service.AppointmentService - Getting all Appointments
2026-01-02 14:42:41 INFO  com.hospital.service.PatientService - Fetching patient with id 1
2026-01-02 14:42:41 INFO  com.hospital.service.PatientService - Adding patient
2026-01-02 14:42:41 INFO  com.hospital.service.PatientService - Fetching all patients
2026-01-02 14:42:41 INFO  com.hospital.servlet.PatientServlet - Patient added successfully
2026-01-02 14:42:41 INFO  com.hospital.servlet.PatientServlet - PatientServlet runs successfully
2026-01-02 14:48:01 INFO  com.hospital.service.AppointmentService - Getting all Appointments
2026-01-02 14:48:02 INFO  com.hospital.service.AppointmentService - getting appointment by doctor id
2026-01-02 14:48:03 INFO  com.hospital.service.AppointmentService - Getting all Appointments
2026-01-02 14:48:03 INFO  com.hospital.service.PatientService - Fetching patient with id 1
2026-01-02 14:48:03 INFO  com.hospital.service.PatientService - Adding patient
2026-01-02 14:48:03 INFO  com.hospital.service.PatientService - Fetching all patients
2026-01-02 14:48:03 INFO  com.hospital.servlet.PatientServlet - Patient added successfully
2026-01-02 14:48:03 INFO  com.hospital.servlet.PatientServlet - PatientServlet runs successfully
2026-01-02 14:52:14 INFO  com.hospital.service.AppointmentService - Getting all Appointments
2026-01-02 14:52:15 INFO  com.hospital.service.AppointmentService - getting appointment by doctor id
2026-01-02 14:52:15 INFO  com.hospital.service.AppointmentService - Getting all Appointments
2026-01-02 14:52:15 INFO  com.hospital.service.PatientService - Fetching patient with id 1
2026-01-02 14:52:15 INFO  com.hospital.service.PatientService - Adding patient
2026-01-02 14:52:15 INFO  com.hospital.service.PatientService - Fetching all patients
2026-01-02 14:52:15 INFO  com.hospital.servlet.PatientServlet - Patient added successfully
2026-01-02 14:52:15 INFO  com.hospital.servlet.PatientServlet - PatientServlet runs successfully
2026-01-02 14:53:26 INFO  com.hospital.service.AppointmentService - Getting all Appointments
2026-01-02 14:53:27 INFO  com.hospital.service.AppointmentService - getting appointment by doctor id
2026-01-02 14:53:27 INFO  com.hospital.service.AppointmentService - Getting all Appointments
2026-01-02 14:53:28 INFO  com.hospital.service.PatientService - Fetching patient with id 1
2026-01-02 14:53:28 INFO  com.hospital.service.PatientService - Adding patient
2026-01-02 14:53:28 INFO  com.hospital.service.PatientService - Fetching all patients
2026-01-02 14:53:28 INFO  com.hospital.servlet.PatientServlet - Patient added successfully
2026-01-02 14:53:28 INFO  com.hospital.servlet.PatientServlet - PatientServlet runs successfully
2026-01-02 14:53:42 INFO  com.hospital.service.AppointmentService - Getting all Appointments
2026-01-02 14:53:43 INFO  com.hospital.service.AppointmentService - getting appointment by doctor id
2026-01-02 14:53:43 INFO  com.hospital.service.AppointmentService - Getting all Appointments
2026-01-02 14:53:43 INFO  com.hospital.service.PatientService - Fetching patient with id 1
2026-01-02 14:53:43 INFO  com.hospital.service.PatientService - Adding patient
2026-01-02 14:53:43 INFO  com.hospital.service.PatientService - Fetching all patients
2026-01-02 14:53:44 INFO  com.hospital.servlet.PatientServlet - Patient added successfully
2026-01-02 14:53:44 INFO  com.hospital.servlet.PatientServlet - PatientServlet runs successfully
2026-01-02 15:16:10 INFO  com.hospital.service.AppointmentService - Getting all Appointments
2026-01-02 15:16:10 INFO  com.hospital.service.AppointmentService - getting appointment by doctor id
2026-01-02 15:16:11 INFO  com.hospital.service.AppointmentService - Getting all Appointments
2026-01-02 15:16:11 INFO  com.hospital.service.PatientService - Fetching patient with id 1
2026-01-02 15:16:11 INFO  com.hospital.service.PatientService - Adding patient
2026-01-02 15:16:11 INFO  com.hospital.service.PatientService - Fetching all patients
2026-01-02 15:16:11 INFO  com.hospital.servlet.PatientServlet - Patient added successfully
2026-01-02 15:16:11 INFO  com.hospital.servlet.PatientServlet - PatientServlet runs successfully
2026-01-02 15:23:52 INFO  com.hospital.service.AppointmentService - Getting all Appointments
2026-01-02 15:23:52 INFO  com.hospital.service.AppointmentService - getting appointment by doctor id
2026-01-02 15:23:53 INFO  com.hospital.service.AppointmentService - Getting all Appointments
2026-01-02 15:23:53 INFO  com.hospital.service.PatientService - Fetching patient with id 1
2026-01-02 15:23:53 INFO  com.hospital.service.PatientService - Adding patient
2026-01-02 15:23:53 INFO  com.hospital.service.PatientService - Fetching all patients
2026-01-02 15:23:53 INFO  com.hospital.servlet.PatientServlet - Patient added successfully
2026-01-02 15:23:53 INFO  com.hospital.servlet.PatientServlet - PatientServlet runs successfully
2026-01-02 15:25:24 INFO  com.hospital.service.AppointmentService - Getting all Appointments
2026-01-02 15:25:25 INFO  com.hospital.service.AppointmentService - getting appointment by doctor id
2026-01-02 15:25:25 INFO  com.hospital.service.AppointmentService - Getting all Appointments
2026-01-02 15:25:25 INFO  com.hospital.service.PatientService - Fetching patient with id 1
2026-01-02 15:25:25 INFO  com.hospital.service.PatientService - Adding patient
2026-01-02 15:25:25 INFO  com.hospital.service.PatientService - Fetching all patients
2026-01-02 15:25:25 INFO  com.hospital.servlet.PatientServlet - Patient added successfully
2026-01-02 15:25:25 INFO  com.hospital.servlet.PatientServlet - PatientServlet runs successfully
2026-01-02 15:34:12 INFO  com.hospital.service.AppointmentService - Getting all Appointments
2026-01-02 15:34:13 INFO  com.hospital.service.AppointmentService - getting appointment by doctor id
2026-01-02 15:34:13 INFO  com.hospital.service.AppointmentService - Getting all Appointments
2026-01-02 15:34:13 INFO  com.hospital.service.PatientService - Fetching patient with id 1
2026-01-02 15:34:13 INFO  com.hospital.service.PatientService - Adding patient
2026-01-02 15:34:13 INFO  com.hospital.service.PatientService - Fetching all patients
2026-01-02 15:34:13 INFO  com.hospital.servlet.PatientServlet - Patient added successfully
2026-01-02 15:34:13 INFO  com.hospital.servlet.PatientServlet - PatientServlet runs successfully
2026-01-02 15:36:46 INFO  com.hospital.service.AppointmentService - Getting all Appointments
2026-01-02 15:36:47 INFO  com.hospital.service.AppointmentService - getting appointment by doctor id
2026-01-02 15:36:48 INFO  com.hospital.service.AppointmentService - Getting all Appointments
2026-01-02 15:36:48 INFO  com.hospital.service.PatientService - Fetching patient with id 1
2026-01-02 15:36:48 INFO  com.hospital.service.PatientService - Adding patient
2026-01-02 15:36:48 INFO  com.hospital.service.PatientService - Fetching all patients
2026-01-02 15:36:48 INFO  com.hospital.servlet.PatientServlet - Patient added successfully
2026-01-02 15:36:48 INFO  com.hospital.servlet.PatientServlet - PatientServlet runs successfully
2026-01-02 15:38:25 INFO  com.hospital.service.AppointmentService - Getting all Appointments
2026-01-02 15:38:25 INFO  com.hospital.service.AppointmentService - getting appointment by doctor id
2026-01-02 15:38:26 INFO  com.hospital.service.AppointmentService - Getting all Appointments
2026-01-02 15:38:26 INFO  com.hospital.service.PatientService - Fetching patient with id 1
2026-01-02 15:38:26 INFO  com.hospital.service.PatientService - Adding patient
2026-01-02 15:38:26 INFO  com.hospital.service.PatientService - Fetching all patients
2026-01-02 15:38:26 INFO  com.hospital.servlet.PatientServlet - Patient added successfully
2026-01-02 15:38:26 INFO  com.hospital.servlet.PatientServlet - PatientServlet runs successfully
2026-01-02 15:39:34 INFO  com.hospital.service.AppointmentService - Getting all Appointments
2026-01-02 15:39:35 INFO  com.hospital.service.AppointmentService - getting appointment by doctor id
2026-01-02 15:39:36 INFO  com.hospital.service.AppointmentService - Getting all Appointments
2026-01-02 15:39:36 INFO  com.hospital.service.PatientService - Fetching patient with id 1
2026-01-02 15:39:36 INFO  com.hospital.service.PatientService - Adding patient
2026-01-02 15:39:36 INFO  com.hospital.service.PatientService - Fetching all patients
2026-01-02 15:39:36 INFO  com.hospital.servlet.PatientServlet - Patient added successfully
2026-01-02 15:39:36 INFO  com.hospital.servlet.PatientServlet - PatientServlet runs successfully
2026-01-02 15:42:02 INFO  com.hospital.service.AppointmentService - Getting all Appointments
2026-01-02 15:42:03 INFO  com.hospital.service.AppointmentService - getting appointment by doctor id
2026-01-02 15:42:04 INFO  com.hospital.service.AppointmentService - Getting all Appointments
2026-01-02 15:42:04 INFO  com.hospital.service.PatientService - Fetching patient with id 1
2026-01-02 15:42:04 INFO  com.hospital.service.PatientService - Adding patient
2026-01-02 15:42:04 INFO  com.hospital.service.PatientService - Fetching all patients
2026-01-02 15:42:04 INFO  com.hospital.servlet.PatientServlet - Patient added successfully
2026-01-02 15:42:04 INFO  com.hospital.servlet.PatientServlet - PatientServlet runs successfully
2026-01-02 15:56:36 INFO  com.hospital.service.AppointmentService - Getting all Appointments
2026-01-02 15:56:37 INFO  com.hospital.service.AppointmentService - getting appointment by doctor id
2026-01-02 15:56:38 INFO  com.hospital.service.AppointmentService - Getting all Appointments
2026-01-02 15:56:38 INFO  com.hospital.service.PatientService - Fetching patient with id 1
2026-01-02 15:56:38 INFO  com.hospital.service.PatientService - Adding patient
2026-01-02 15:56:38 INFO  com.hospital.service.PatientService - Fetching all patients
2026-01-02 15:56:38 INFO  com.hospital.servlet.PatientServlet - Patient added successfully
2026-01-02 15:56:38 INFO  com.hospital.servlet.PatientServlet - PatientServlet runs successfully
2026-01-02 15:58:48 INFO  com.hospital.service.AppointmentService - Getting all Appointments
2026-01-02 15:58:49 INFO  com.hospital.service.AppointmentService - getting appointment by doctor id
2026-01-02 15:58:49 INFO  com.hospital.service.AppointmentService - Getting all Appointments
2026-01-02 15:58:49 INFO  com.hospital.service.PatientService - Fetching patient with id 1
2026-01-02 15:58:49 INFO  com.hospital.service.PatientService - Adding patient
2026-01-02 15:58:49 INFO  com.hospital.service.PatientService - Fetching all patients
2026-01-02 15:58:49 INFO  com.hospital.servlet.PatientServlet - Patient added successfully
2026-01-02 15:58:49 INFO  com.hospital.servlet.PatientServlet - PatientServlet runs successfully
2026-01-02 16:03:28 INFO  com.hospital.service.AppointmentService - Getting all Appointments
2026-01-02 16:03:29 INFO  com.hospital.service.AppointmentService - getting appointment by doctor id
2026-01-02 16:03:29 INFO  com.hospital.service.AppointmentService - Getting all Appointments
2026-01-02 16:03:29 INFO  com.hospital.service.PatientService - Fetching patient with id 1
2026-01-02 16:03:29 INFO  com.hospital.service.PatientService - Adding patient
2026-01-02 16:03:29 INFO  com.hospital.service.PatientService - Fetching all patients
2026-01-02 16:03:30 INFO  com.hospital.servlet.PatientServlet - Patient added successfully
2026-01-02 16:03:30 INFO  com.hospital.servlet.PatientServlet - PatientServlet runs successfully
2026-01-02 16:05:53 INFO  com.hospital.service.AppointmentService - Getting all Appointments
2026-01-02 16:05:54 INFO  com.hospital.service.AppointmentService - getting appointment by doctor id
2026-01-02 16:05:54 INFO  com.hospital.service.AppointmentService - Getting all Appointments
2026-01-02 16:05:54 INFO  com.hospital.service.PatientService - Fetching patient with id 1
2026-01-02 16:05:54 INFO  com.hospital.service.PatientService - Adding patient
2026-01-02 16:05:54 INFO  com.hospital.service.PatientService - Fetching all patients
2026-01-02 16:05:54 INFO  com.hospital.servlet.PatientServlet - Patient added successfully
2026-01-02 16:05:54 INFO  com.hospital.servlet.PatientServlet - PatientServlet runs successfully
2026-01-02 16:06:03 INFO  com.hospital.service.AppointmentService - Getting all Appointments
2026-01-02 16:06:03 INFO  com.hospital.service.AppointmentService - getting appointment by doctor id
2026-01-02 16:06:04 INFO  com.hospital.service.AppointmentService - Getting all Appointments
2026-01-02 16:06:04 INFO  com.hospital.service.PatientService - Fetching patient with id 1
2026-01-02 16:06:04 INFO  com.hospital.service.PatientService - Adding patient
2026-01-02 16:06:04 INFO  com.hospital.service.PatientService - Fetching all patients
2026-01-02 16:06:04 INFO  com.hospital.servlet.PatientServlet - Patient added successfully
2026-01-02 16:06:04 INFO  com.hospital.servlet.PatientServlet - PatientServlet runs successfully
2026-01-02 16:14:20 INFO  com.hospital.service.AppointmentService - Getting all Appointments
2026-01-02 16:14:21 INFO  com.hospital.service.AppointmentService - getting appointment by doctor id
2026-01-02 16:14:21 INFO  com.hospital.service.AppointmentService - Getting all Appointments
2026-01-02 16:14:21 INFO  com.hospital.service.PatientService - Fetching patient with id 1
2026-01-02 16:14:21 INFO  com.hospital.service.PatientService - Adding patient
2026-01-02 16:14:21 INFO  com.hospital.service.PatientService - Fetching all patients
2026-01-02 16:14:21 INFO  com.hospital.servlet.PatientServlet - Patient added successfully
2026-01-02 16:14:21 INFO  com.hospital.servlet.PatientServlet - PatientServlet runs successfully
2026-01-02 16:16:32 INFO  com.hospital.service.AppointmentService - Getting all Appointments
2026-01-02 16:16:33 INFO  com.hospital.service.AppointmentService - getting appointment by doctor id
2026-01-02 16:16:33 INFO  com.hospital.service.AppointmentService - Getting all Appointments
2026-01-02 16:16:33 INFO  com.hospital.service.PatientService - Fetching patient with id 1
2026-01-02 16:16:33 INFO  com.hospital.service.PatientService - Adding patient
2026-01-02 16:16:33 INFO  com.hospital.service.PatientService - Fetching all patients
2026-01-02 16:16:33 INFO  com.hospital.servlet.PatientServlet - Patient added successfully
2026-01-02 16:16:33 INFO  com.hospital.servlet.PatientServlet - PatientServlet runs successfully
2026-01-02 16:19:06 INFO  com.hospital.service.AppointmentService - Getting all Appointments
2026-01-02 16:19:07 INFO  com.hospital.service.AppointmentService - getting appointment by doctor id
2026-01-02 16:19:07 INFO  com.hospital.service.AppointmentService - Getting all Appointments
2026-01-02 16:19:07 INFO  com.hospital.service.PatientService - Fetching patient with id 1
2026-01-02 16:19:07 INFO  com.hospital.service.PatientService - Adding patient
2026-01-02 16:19:07 INFO  com.hospital.service.PatientService - Fetching all patients
2026-01-02 16:19:07 INFO  com.hospital.servlet.PatientServlet - Patient added successfully
2026-01-02 16:19:07 INFO  com.hospital.servlet.PatientServlet - PatientServlet runs successfully
2026-01-02 16:22:57 INFO  com.hospital.service.AppointmentService - Getting all Appointments
2026-01-02 16:22:57 INFO  com.hospital.service.AppointmentService - getting appointment by doctor id
2026-01-02 16:22:58 INFO  com.hospital.service.AppointmentService - Getting all Appointments
2026-01-02 16:22:58 INFO  com.hospital.service.PatientService - Fetching patient with id 1
2026-01-02 16:22:58 INFO  com.hospital.service.PatientService - Adding patient
2026-01-02 16:22:58 INFO  com.hospital.service.PatientService - Fetching all patients
2026-01-02 16:22:58 INFO  com.hospital.servlet.PatientServlet - Patient added successfully
2026-01-02 16:22:58 INFO  com.hospital.servlet.PatientServlet - PatientServlet runs successfully
2026-01-02 16:28:06 INFO  com.hospital.service.AppointmentService - Getting all Appointments
2026-01-02 16:28:06 INFO  com.hospital.service.AppointmentService - getting appointment by doctor id
2026-01-02 16:28:07 INFO  com.hospital.service.AppointmentService - Getting all Appointments
2026-01-02 16:28:07 INFO  com.hospital.service.PatientService - Fetching patient with id 1
2026-01-02 16:28:07 INFO  com.hospital.service.PatientService - Adding patient
2026-01-02 16:28:07 INFO  com.hospital.service.PatientService - Fetching all patients
2026-01-02 16:28:07 INFO  com.hospital.servlet.PatientServlet - Patient added successfully
2026-01-02 16:28:07 INFO  com.hospital.servlet.PatientServlet - PatientServlet runs successfully
2026-01-02 16:31:38 INFO  com.hospital.service.AppointmentService - Getting all Appointments
2026-01-02 16:31:39 INFO  com.hospital.service.AppointmentService - getting appointment by doctor id
2026-01-02 16:31:39 INFO  com.hospital.service.AppointmentService - Getting all Appointments
2026-01-02 16:31:39 INFO  com.hospital.service.PatientService - Fetching patient with id 1
2026-01-02 16:31:39 INFO  com.hospital.service.PatientService - Adding patient
2026-01-02 16:31:39 INFO  com.hospital.service.PatientService - Fetching all patients
2026-01-02 16:31:39 INFO  com.hospital.servlet.PatientServlet - Patient added successfully
2026-01-02 16:31:39 INFO  com.hospital.servlet.PatientServlet - PatientServlet runs successfully
2026-01-02 16:36:30 INFO  com.hospital.service.AppointmentService - Getting all Appointments
2026-01-02 16:36:30 INFO  com.hospital.service.AppointmentService - getting appointment by doctor id
2026-01-02 16:36:31 INFO  com.hospital.service.AppointmentService - Getting all Appointments
2026-01-02 16:36:31 INFO  com.hospital.service.PatientService - Fetching patient with id 1
2026-01-02 16:36:31 INFO  com.hospital.service.PatientService - Adding patient
2026-01-02 16:36:31 INFO  com.hospital.service.PatientService - Fetching all patients
2026-01-02 16:36:31 INFO  com.hospital.servlet.PatientServlet - Patient added successfully
2026-01-02 16:36:31 INFO  com.hospital.servlet.PatientServlet - PatientServlet runs successfully
2026-01-02 16:39:17 INFO  com.hospital.service.AppointmentService - Getting all Appointments
2026-01-02 16:39:18 INFO  com.hospital.service.AppointmentService - getting appointment by doctor id
2026-01-02 16:39:18 INFO  com.hospital.service.AppointmentService - Getting all Appointments
2026-01-02 16:39:18 INFO  com.hospital.service.PatientService - Fetching patient with id 1
2026-01-02 16:39:18 INFO  com.hospital.service.PatientService - Adding patient
2026-01-02 16:39:18 INFO  com.hospital.service.PatientService - Fetching all patients
2026-01-02 16:39:18 INFO  com.hospital.servlet.PatientServlet - Patient added successfully
2026-01-02 16:39:18 INFO  com.hospital.servlet.PatientServlet - PatientServlet runs successfully
2026-01-02 16:55:58 INFO  com.hospital.service.AppointmentService - Getting all Appointments
2026-01-02 16:55:58 INFO  com.hospital.service.AppointmentService - getting appointment by doctor id
2026-01-02 16:55:59 INFO  com.hospital.service.AppointmentService - Getting all Appointments
2026-01-02 16:55:59 INFO  com.hospital.service.PatientService - Fetching patient with id 1
2026-01-02 16:55:59 INFO  com.hospital.service.PatientService - Adding patient
2026-01-02 16:55:59 INFO  com.hospital.service.PatientService - Fetching all patients
2026-01-02 16:55:59 INFO  com.hospital.servlet.PatientServlet - Patient added successfully
2026-01-02 16:55:59 INFO  com.hospital.servlet.PatientServlet - PatientServlet runs successfully
2026-01-02 16:57:57 INFO  com.hospital.service.AppointmentService - Getting all Appointments
2026-01-02 16:57:58 INFO  com.hospital.service.AppointmentService - getting appointment by doctor id
2026-01-02 16:57:58 INFO  com.hospital.service.AppointmentService - Getting all Appointments
2026-01-02 16:57:59 INFO  com.hospital.service.PatientService - Fetching patient with id 1
2026-01-02 16:57:59 INFO  com.hospital.service.PatientService - Adding patient
2026-01-02 16:57:59 INFO  com.hospital.service.PatientService - Fetching all patients
2026-01-02 16:57:59 INFO  com.hospital.servlet.PatientServlet - Patient added successfully
2026-01-02 16:57:59 INFO  com.hospital.servlet.PatientServlet - PatientServlet runs successfully
2026-01-02 16:59:39 INFO  com.hospital.service.AppointmentService - Getting all Appointments
2026-01-02 16:59:40 INFO  com.hospital.service.AppointmentService - getting appointment by doctor id
2026-01-02 16:59:41 INFO  com.hospital.service.AppointmentService - Getting all Appointments
2026-01-02 16:59:41 INFO  com.hospital.service.PatientService - Fetching patient with id 1
2026-01-02 16:59:41 INFO  com.hospital.service.PatientService - Adding patient
2026-01-02 16:59:41 INFO  com.hospital.service.PatientService - Fetching all patients
2026-01-02 16:59:41 INFO  com.hospital.servlet.PatientServlet - Patient added successfully
2026-01-02 16:59:41 INFO  com.hospital.servlet.PatientServlet - PatientServlet runs successfully
2026-01-02 17:04:47 INFO  com.hospital.service.AppointmentService - Getting all Appointments
2026-01-02 17:04:48 INFO  com.hospital.service.AppointmentService - getting appointment by doctor id
2026-01-02 17:04:48 INFO  com.hospital.service.AppointmentService - Getting all Appointments
2026-01-02 17:04:48 INFO  com.hospital.service.PatientService - Fetching patient with id 1
2026-01-02 17:04:48 INFO  com.hospital.service.PatientService - Adding patient
2026-01-02 17:04:48 INFO  com.hospital.service.PatientService - Fetching all patients
2026-01-02 17:04:48 INFO  com.hospital.servlet.PatientServlet - Patient added successfully
2026-01-02 17:04:48 INFO  com.hospital.servlet.PatientServlet - PatientServlet runs successfully
2026-01-02 17:06:43 INFO  com.hospital.service.AppointmentService - Getting all Appointments
2026-01-02 17:06:44 INFO  com.hospital.service.AppointmentService - getting appointment by doctor id
2026-01-02 17:06:44 INFO  com.hospital.service.AppointmentService - Getting all Appointments
2026-01-02 17:06:44 INFO  com.hospital.service.PatientService - Fetching patient with id 1
2026-01-02 17:06:44 INFO  com.hospital.service.PatientService - Adding patient
2026-01-02 17:06:44 INFO  com.hospital.service.PatientService - Fetching all patients
2026-01-02 17:06:44 INFO  com.hospital.servlet.PatientServlet - Patient added successfully
2026-01-02 17:06:44 INFO  com.hospital.servlet.PatientServlet - PatientServlet runs successfully
2026-01-02 17:07:15 INFO  com.hospital.service.AppointmentService - Getting all Appointments
2026-01-02 17:07:16 INFO  com.hospital.service.AppointmentService - getting appointment by doctor id
2026-01-02 17:07:17 INFO  com.hospital.service.AppointmentService - Getting all Appointments
2026-01-02 17:07:17 INFO  com.hospital.service.PatientService - Fetching patient with id 1
2026-01-02 17:07:17 INFO  com.hospital.service.PatientService - Adding patient
2026-01-02 17:07:17 INFO  com.hospital.service.PatientService - Fetching all patients
2026-01-02 17:07:17 INFO  com.hospital.servlet.PatientServlet - Patient added successfully
2026-01-02 17:07:17 INFO  com.hospital.servlet.PatientServlet - PatientServlet runs successfully
2026-01-02 17:10:18 INFO  com.hospital.service.AppointmentService - Getting all Appointments
2026-01-02 17:10:19 INFO  com.hospital.service.AppointmentService - getting appointment by doctor id
2026-01-02 17:10:20 INFO  com.hospital.service.AppointmentService - Getting all Appointments
2026-01-02 17:10:20 INFO  com.hospital.service.PatientService - Fetching patient with id 1
2026-01-02 17:10:20 INFO  com.hospital.service.PatientService - Adding patient
2026-01-02 17:10:20 INFO  com.hospital.service.PatientService - Fetching all patients
2026-01-02 17:10:20 INFO  com.hospital.servlet.PatientServlet - Patient added successfully
2026-01-02 17:10:20 INFO  com.hospital.servlet.PatientServlet - PatientServlet runs successfully
2026-01-02 17:12:16 INFO  com.hospital.service.AppointmentService - Getting all Appointments
2026-01-02 17:12:16 INFO  com.hospital.service.AppointmentService - getting appointment by doctor id
2026-01-02 17:12:17 INFO  com.hospital.service.AppointmentService - Getting all Appointments
2026-01-02 17:12:17 INFO  com.hospital.service.PatientService - Fetching patient with id 1
2026-01-02 17:12:17 INFO  com.hospital.service.PatientService - Adding patient
2026-01-02 17:12:17 INFO  com.hospital.service.PatientService - Fetching all patients
2026-01-02 17:12:17 INFO  com.hospital.servlet.PatientServlet - Patient added successfully
2026-01-02 17:12:17 INFO  com.hospital.servlet.PatientServlet - PatientServlet runs successfully
2026-01-02 17:15:50 INFO  com.hospital.service.AppointmentService - Getting all Appointments
2026-01-02 17:15:51 INFO  com.hospital.service.AppointmentService - getting appointment by doctor id
2026-01-02 17:15:52 INFO  com.hospital.service.AppointmentService - Getting all Appointments
2026-01-02 17:15:52 INFO  com.hospital.service.PatientService - Fetching patient with id 1
2026-01-02 17:15:52 INFO  com.hospital.service.PatientService - Adding patient
2026-01-02 17:15:52 INFO  com.hospital.service.PatientService - Fetching all patients
2026-01-02 17:15:52 INFO  com.hospital.servlet.PatientServlet - Patient added successfully
2026-01-02 17:15:52 INFO  com.hospital.servlet.PatientServlet - PatientServlet runs successfully
